160
514
1
1
1
1
1
1
1
1
1
1
1
1
1
1
1
1
1
1
1
1
1
1
1
1
1
1
1
1
1
1
1
1
1
1
1
1
1
1
1
1
1
1
1
1
1
1
1
1
1
1
1
1
1
1
1
1
1
1
1
1
1
1
1
1
1
1
1
1
1
1
1
1
1
1
1
1
1
1
1
1
1
1
1
1
1
1
1
1
1
1
1
1
1
1
1
1
1
1
1
1
1
1
1
1
1
1
1
1
1
1
1
1
1
1
1
1
1
1
1
1
1
1
1
1
1
1
1
1
1
1
1
1
1
1
1
1
1
1
1
1
1
1
1
1
1
1
1
1
1
1
1
1
1
1
1
1
1
1
1
1
4 0 37 (480.000000 160.000000 576.000000) (480.000000 160.000000 544.000000) (480.000000 -448.000000 544.000000) (480.000000 -448.000000 576.000000) 
4 0 4 (480.000000 -448.000000 576.000000) (480.000000 -448.000000 544.000000) (1632.000000 -448.000000 544.000000) (1632.000000 -448.000000 576.000000) 
4 0 2 (480.000000 125.630000 544.000000) (480.000000 160.000000 544.000000) (1572.000000 160.000000 544.000000) (1572.000000 125.630000 544.000000) 
4 0 1 (1632.000000 160.000000 544.000000) (1632.000000 -448.000000 544.000000) (1572.000000 -448.000000 544.000000) (1572.000000 160.000000 544.000000) 
4 1 11 (1632.000000 -448.000000 0.000000) (1572.000000 -448.000000 0.000000) (1572.000000 160.000000 0.000000) (1632.000000 160.000000 0.000000) 
4 1 5 (1572.000000 -448.000000 0.000000) (1632.000000 -448.000000 0.000000) (1632.000000 -448.000000 544.000000) (1572.000000 -448.000000 544.000000) 
4 1 2 (1572.000000 160.000000 544.000000) (1572.000000 160.000000 0.000000) (1572.000000 125.630000 0.000000) (1572.000000 125.630000 544.000000) 
4 2 38 (480.000000 160.000000 544.000000) (480.000000 160.000000 0.000000) (480.000000 125.630000 0.000000) (480.000000 125.630000 544.000000) 
4 2 18 (480.000000 125.630000 0.000000) (480.000000 160.000000 0.000000) (1024.000000 160.000000 0.000000) (1024.000000 125.630000 0.000000) 
4 2 12 (1024.000000 160.000000 0.000000) (1572.000000 160.000000 0.000000) (1572.000000 125.630000 0.000000) (1024.000000 125.630000 0.000000) 
4 3 40 (480.000000 -64.000000 224.000000) (480.000000 -64.000000 544.000000) (480.000000 -32.000000 544.000000) (480.000000 -32.000000 224.000000) 
4 3 41 (480.000000 -64.000000 0.000000) (480.000000 -448.000000 0.000000) (480.000000 -448.000000 544.000000) (480.000000 -64.000000 544.000000) 
4 3 39 (480.000000 125.630000 0.000000) (480.000000 -32.000000 0.000000) (480.000000 -32.000000 544.000000) (480.000000 125.630000 544.000000) 
4 3 19 (480.000000 -256.000000 0.000000) (480.000000 125.630000 0.000000) (1024.000000 125.630000 0.000000) (1024.000000 -256.000000 0.000000) 
4 3 14 (1572.000000 -448.000000 0.000000) (1024.000000 -448.000000 0.000000) (1024.000000 -64.000000 0.000000) (1572.000000 -64.000000 0.000000) 
4 3 13 (1024.000000 -64.000000 0.000000) (1024.000000 125.630000 0.000000) (1572.000000 125.630000 0.000000) (1572.000000 -64.000000 0.000000) 
4 3 7 (672.000000 -448.000000 0.000000) (1572.000000 -448.000000 0.000000) (1572.000000 -448.000000 160.000000) (672.000000 -448.000000 160.000000) 
4 3 6 (480.000000 -448.000000 544.000000) (480.000000 -448.000000 160.000000) (1572.000000 -448.000000 160.000000) (1572.000000 -448.000000 544.000000) 
4 4 55 (480.000000 -896.000000 544.000000) (480.000000 -1696.000000 544.000000) (480.000000 -1696.000000 576.000000) (480.000000 -896.000000 576.000000) 
4 4 37 (480.000000 -448.000000 576.000000) (480.000000 -448.000000 544.000000) (480.000000 -896.000000 544.000000) (480.000000 -896.000000 576.000000) 
4 4 10 (480.000000 -1696.000000 544.000000) (480.000000 -1661.630000 544.000000) (1572.000000 -1661.630000 544.000000) (1572.000000 -1696.000000 544.000000) 
4 4 5 (1572.000000 -448.000000 544.000000) (1632.000000 -448.000000 544.000000) (1632.000000 -1696.000000 544.000000) (1572.000000 -1696.000000 544.000000) 
4 5 23 (1632.000000 -1696.000000 0.000000) (1572.000000 -1696.000000 0.000000) (1572.000000 -480.000000 0.000000) (1632.000000 -480.000000 0.000000) 
4 5 11 (1572.000000 -480.000000 0.000000) (1572.000000 -448.000000 0.000000) (1632.000000 -448.000000 0.000000) (1632.000000 -480.000000 0.000000) 
4 5 10 (1572.000000 -1661.630000 0.000000) (1572.000000 -1696.000000 0.000000) (1572.000000 -1696.000000 544.000000) (1572.000000 -1661.630000 544.000000) 
4 6 141 (480.000000 -1360.000000 160.000000) (480.000000 -1376.000000 160.000000) (480.000000 -1376.000000 544.000000) (480.000000 -1360.000000 544.000000) 
4 6 138 (480.000000 -1312.000000 160.000000) (480.000000 -1360.000000 160.000000) (480.000000 -1360.000000 544.000000) (480.000000 -1312.000000 544.000000) 
4 6 56 (480.000000 -1312.000000 192.000000) (480.000000 -1312.000000 544.000000) (480.000000 -896.000000 544.000000) (480.000000 -896.000000 192.000000) 
4 6 45 (480.000000 -896.000000 192.000000) (480.000000 -896.000000 544.000000) (480.000000 -512.000000 544.000000) (480.000000 -512.000000 192.000000) 
4 6 43 (480.000000 -448.000000 544.000000) (480.000000 -448.000000 160.000000) (480.000000 -512.000000 160.000000) (480.000000 -512.000000 544.000000) 
4 6 9 (1572.000000 -1376.000000 544.000000) (480.000000 -1376.000000 544.000000) (480.000000 -1376.000000 160.000000) (1572.000000 -1376.000000 160.000000) 
4 6 8 (480.000000 -1376.000000 160.000000) (480.000000 -1312.000000 160.000000) (512.000000 -1312.000000 160.000000) (512.000000 -1376.000000 160.000000) 
4 6 7 (672.000000 -448.000000 160.000000) (1572.000000 -448.000000 160.000000) (1572.000000 -1376.000000 160.000000) (672.000000 -1376.000000 160.000000) 
4 7 30 (800.000000 -1376.000000 0.000000) (672.000000 -1376.000000 0.000000) (672.000000 -480.000000 0.000000) (800.000000 -480.000000 0.000000) 
4 7 25 (1280.000000 -1376.000000 0.000000) (1024.000000 -1376.000000 0.000000) (1024.000000 -480.000000 0.000000) (1280.000000 -480.000000 0.000000) 
4 7 24 (1572.000000 -480.000000 0.000000) (1572.000000 -1376.000000 0.000000) (1280.000000 -1376.000000 0.000000) (1280.000000 -480.000000 0.000000) 
4 7 14 (1024.000000 -448.000000 0.000000) (1572.000000 -448.000000 0.000000) (1572.000000 -480.000000 0.000000) (1024.000000 -480.000000 0.000000) 
4 7 9 (672.000000 -1376.000000 0.000000) (1572.000000 -1376.000000 0.000000) (1572.000000 -1376.000000 160.000000) (672.000000 -1376.000000 160.000000) 
4 8 141 (480.000000 -1360.000000 0.000000) (480.000000 -1376.000000 0.000000) (480.000000 -1376.000000 160.000000) (480.000000 -1360.000000 160.000000) 
4 8 138 (480.000000 -1312.000000 0.000000) (480.000000 -1360.000000 0.000000) (480.000000 -1360.000000 160.000000) (480.000000 -1312.000000 160.000000) 
4 8 33 (480.000000 -1376.000000 0.000000) (480.000000 -1312.000000 0.000000) (512.000000 -1312.000000 0.000000) (512.000000 -1376.000000 0.000000) 
4 8 9 (480.000000 -1376.000000 160.000000) (480.000000 -1376.000000 0.000000) (512.000000 -1376.000000 0.000000) (512.000000 -1376.000000 160.000000) 
4 9 141 (480.000000 -1376.000000 0.000000) (480.000000 -1661.630000 0.000000) (480.000000 -1661.630000 544.000000) (480.000000 -1376.000000 544.000000) 
4 9 33 (480.000000 -1661.630000 0.000000) (480.000000 -1376.000000 0.000000) (512.000000 -1376.000000 0.000000) (512.000000 -1661.630000 0.000000) 
4 9 30 (512.000000 -1376.000000 0.000000) (800.000000 -1376.000000 0.000000) (800.000000 -1504.000000 0.000000) (512.000000 -1504.000000 0.000000) 
4 9 31 (1024.000000 -1504.000000 0.000000) (1024.000000 -1661.630000 0.000000) (512.000000 -1661.630000 0.000000) (512.000000 -1504.000000 0.000000) 
4 9 27 (1572.000000 -1536.000000 0.000000) (1572.000000 -1661.630000 0.000000) (1024.000000 -1661.630000 0.000000) (1024.000000 -1536.000000 0.000000) 
4 9 25 (1024.000000 -1376.000000 0.000000) (1280.000000 -1376.000000 0.000000) (1280.000000 -1536.000000 0.000000) (1024.000000 -1536.000000 0.000000) 
4 9 24 (1280.000000 -1376.000000 0.000000) (1572.000000 -1376.000000 0.000000) (1572.000000 -1536.000000 0.000000) (1280.000000 -1536.000000 0.000000) 
4 10 142 (480.000000 -1661.630000 0.000000) (480.000000 -1696.000000 0.000000) (480.000000 -1696.000000 544.000000) (480.000000 -1661.630000 544.000000) 
4 10 35 (1024.000000 -1696.000000 0.000000) (480.000000 -1696.000000 0.000000) (480.000000 -1661.630000 0.000000) (1024.000000 -1661.630000 0.000000) 
4 10 28 (1572.000000 -1696.000000 0.000000) (1024.000000 -1696.000000 0.000000) (1024.000000 -1661.630000 0.000000) (1572.000000 -1661.630000 0.000000) 
4 11 23 (1632.000000 -480.000000 0.000000) (1572.000000 -480.000000 0.000000) (1572.000000 -480.000000 -480.000000) (1632.000000 -480.000000 -480.000000) 
4 11 17 (1632.000000 160.000000 -480.000000) (1632.000000 -480.000000 -480.000000) (1572.000000 -480.000000 -480.000000) (1572.000000 160.000000 -480.000000) 
4 11 12 (1572.000000 160.000000 0.000000) (1572.000000 160.000000 -480.000000) (1572.000000 125.630000 -480.000000) (1572.000000 125.630000 0.000000) 
4 12 18 (1024.000000 125.630000 0.000000) (1024.000000 160.000000 0.000000) (1024.000000 160.000000 -480.000000) (1024.000000 125.630000 -480.000000) 
4 12 17 (1024.000000 125.630000 -480.000000) (1024.000000 160.000000 -480.000000) (1572.000000 160.000000 -480.000000) (1572.000000 125.630000 -480.000000) 
4 13 20 (1024.000000 125.630000 -32.000000) (1024.000000 125.630000 -64.000000) (1024.000000 -64.000000 -64.000000) (1024.000000 -64.000000 -32.000000) 
4 13 19 (1024.000000 -64.000000 0.000000) (1024.000000 125.630000 0.000000) (1024.000000 125.630000 -32.000000) (1024.000000 -64.000000 -32.000000) 
4 13 21 (1024.000000 125.630000 -64.000000) (1024.000000 125.630000 -480.000000) (1024.000000 -64.000000 -480.000000) (1024.000000 -64.000000 -64.000000) 
4 13 15 (1572.000000 -64.000000 -64.000000) (1572.000000 -64.000000 -32.000000) (1280.000000 -64.000000 -32.000000) (1280.000000 -64.000000 -64.000000) 
4 13 14 (1572.000000 -64.000000 -32.000000) (1572.000000 -64.000000 0.000000) (1024.000000 -64.000000 0.000000) (1024.000000 -64.000000 -32.000000) 
4 13 16 (1024.000000 -64.000000 -480.000000) (1572.000000 -64.000000 -480.000000) (1572.000000 -64.000000 -64.000000) (1024.000000 -64.000000 -64.000000) 
4 14 25 (1280.000000 -480.000000 0.000000) (1024.000000 -480.000000 0.000000) (1024.000000 -480.000000 -32.000000) (1280.000000 -480.000000 -32.000000) 
4 14 24 (1572.000000 -480.000000 0.000000) (1280.000000 -480.000000 0.000000) (1280.000000 -480.000000 -32.000000) (1572.000000 -480.000000 -32.000000) 
4 14 19 (1024.000000 -256.000000 0.000000) (1024.000000 -64.000000 0.000000) (1024.000000 -64.000000 -32.000000) (1024.000000 -256.000000 -32.000000) 
4 14 15 (1572.000000 -480.000000 -32.000000) (1280.000000 -480.000000 -32.000000) (1280.000000 -64.000000 -32.000000) (1572.000000 -64.000000 -32.000000) 
4 15 24 (1280.000000 -480.000000 -64.000000) (1572.000000 -480.000000 -64.000000) (1572.000000 -480.000000 -32.000000) (1280.000000 -480.000000 -32.000000) 
4 15 16 (1280.000000 -64.000000 -64.000000) (1572.000000 -64.000000 -64.000000) (1572.000000 -480.000000 -64.000000) (1280.000000 -480.000000 -64.000000) 
4 16 26 (1024.000000 -480.000000 -64.000000) (1024.000000 -480.000000 -480.000000) (1572.000000 -480.000000 -480.000000) (1572.000000 -480.000000 -64.000000) 
4 16 21 (1024.000000 -480.000000 -480.000000) (1024.000000 -480.000000 -64.000000) (1024.000000 -64.000000 -64.000000) (1024.000000 -64.000000 -480.000000) 
4 17 29 (1024.000000 -480.000000 -480.000000) (1024.000000 -480.000000 -512.000000) (1632.000000 -480.000000 -512.000000) (1632.000000 -480.000000 -480.000000) 
4 17 22 (1024.000000 -480.000000 -512.000000) (1024.000000 -480.000000 -480.000000) (1024.000000 160.000000 -480.000000) (1024.000000 160.000000 -512.000000) 
4 18 49 (480.000000 125.630000 0.000000) (480.000000 160.000000 0.000000) (480.000000 160.000000 -480.000000) (480.000000 125.630000 -480.000000) 
4 18 22 (1024.000000 160.000000 -480.000000) (1024.000000 125.630000 -480.000000) (480.000000 125.630000 -480.000000) (480.000000 160.000000 -480.000000) 
4 19 51 (480.000000 -256.000000 0.000000) (480.000000 -64.000000 0.000000) (480.000000 -64.000000 -32.000000) (480.000000 -256.000000 -32.000000) 
4 19 50 (480.000000 -32.000000 0.000000) (480.000000 125.630000 0.000000) (480.000000 125.630000 -32.000000) (480.000000 -32.000000 -32.000000) 
4 19 20 (480.000000 -64.000000 -32.000000) (480.000000 125.630000 -32.000000) (1024.000000 125.630000 -32.000000) (1024.000000 -64.000000 -32.000000) 
4 20 50 (480.000000 -32.000000 -32.000000) (480.000000 125.630000 -32.000000) (480.000000 125.630000 -64.000000) (480.000000 -32.000000 -64.000000) 
4 20 21 (1024.000000 125.630000 -64.000000) (1024.000000 -64.000000 -64.000000) (480.000000 -64.000000 -64.000000) (480.000000 125.630000 -64.000000) 
4 21 53 (480.000000 -480.000000 -480.000000) (480.000000 -480.000000 -64.000000) (480.000000 125.630000 -64.000000) (480.000000 125.630000 -480.000000) 
4 21 34 (480.000000 -480.000000 -64.000000) (480.000000 -480.000000 -480.000000) (1024.000000 -480.000000 -480.000000) (1024.000000 -480.000000 -64.000000) 
4 22 54 (480.000000 -480.000000 -512.000000) (480.000000 -480.000000 -480.000000) (480.000000 160.000000 -480.000000) (480.000000 160.000000 -512.000000) 
4 22 36 (480.000000 -480.000000 -480.000000) (480.000000 -480.000000 -512.000000) (1024.000000 -480.000000 -512.000000) (1024.000000 -480.000000 -480.000000) 
4 23 29 (1572.000000 -480.000000 -480.000000) (1632.000000 -480.000000 -480.000000) (1632.000000 -1696.000000 -480.000000) (1572.000000 -1696.000000 -480.000000) 
4 23 28 (1572.000000 -1661.630000 -480.000000) (1572.000000 -1696.000000 -480.000000) (1572.000000 -1696.000000 0.000000) (1572.000000 -1661.630000 0.000000) 
4 24 27 (1572.000000 -1536.000000 -64.000000) (1572.000000 -1536.000000 0.000000) (1280.000000 -1536.000000 0.000000) (1280.000000 -1536.000000 -64.000000) 
4 24 25 (1280.000000 -1536.000000 -32.000000) (1280.000000 -1536.000000 0.000000) (1280.000000 -480.000000 0.000000) (1280.000000 -480.000000 -32.000000) 
4 24 26 (1280.000000 -480.000000 -64.000000) (1572.000000 -480.000000 -64.000000) (1572.000000 -1536.000000 -64.000000) (1280.000000 -1536.000000 -64.000000) 
4 25 31 (1024.000000 -1504.000000 -32.000000) (1024.000000 -1536.000000 -32.000000) (1024.000000 -1536.000000 0.000000) (1024.000000 -1504.000000 0.000000) 
4 25 27 (1280.000000 -1536.000000 0.000000) (1024.000000 -1536.000000 0.000000) (1024.000000 -1536.000000 -32.000000) (1280.000000 -1536.000000 -32.000000) 
4 26 34 (1024.000000 -480.000000 -64.000000) (1024.000000 -480.000000 -480.000000) (1024.000000 -1536.000000 -480.000000) (1024.000000 -1536.000000 -64.000000) 
4 26 27 (1024.000000 -1536.000000 -480.000000) (1572.000000 -1536.000000 -480.000000) (1572.000000 -1536.000000 -64.000000) (1024.000000 -1536.000000 -64.000000) 
4 27 31 (1024.000000 -1661.630000 -64.000000) (1024.000000 -1661.630000 0.000000) (1024.000000 -1536.000000 0.000000) (1024.000000 -1536.000000 -64.000000) 
4 27 34 (1024.000000 -1536.000000 -480.000000) (1024.000000 -1661.630000 -480.000000) (1024.000000 -1661.630000 -64.000000) (1024.000000 -1536.000000 -64.000000) 
4 28 35 (1024.000000 -1661.630000 -480.000000) (1024.000000 -1696.000000 -480.000000) (1024.000000 -1696.000000 0.000000) (1024.000000 -1661.630000 0.000000) 
4 28 29 (1024.000000 -1696.000000 -480.000000) (1024.000000 -1661.630000 -480.000000) (1572.000000 -1661.630000 -480.000000) (1572.000000 -1696.000000 -480.000000) 
4 29 36 (1024.000000 -480.000000 -480.000000) (1024.000000 -480.000000 -512.000000) (1024.000000 -1696.000000 -512.000000) (1024.000000 -1696.000000 -480.000000) 
4 30 33 (512.000000 -1312.000000 -64.000000) (512.000000 -1504.000000 -64.000000) (512.000000 -1504.000000 0.000000) (512.000000 -1312.000000 0.000000) 
4 30 32 (512.000000 -480.000000 0.000000) (512.000000 -480.000000 -64.000000) (512.000000 -512.000000 -64.000000) (512.000000 -512.000000 0.000000) 
4 30 31 (512.000000 -1504.000000 -64.000000) (800.000000 -1504.000000 -64.000000) (800.000000 -1504.000000 0.000000) (512.000000 -1504.000000 0.000000) 
4 30 34 (512.000000 -480.000000 -64.000000) (800.000000 -480.000000 -64.000000) (800.000000 -1504.000000 -64.000000) (512.000000 -1504.000000 -64.000000) 
4 31 33 (512.000000 -1504.000000 -64.000000) (512.000000 -1661.630000 -64.000000) (512.000000 -1661.630000 0.000000) (512.000000 -1504.000000 0.000000) 
4 31 34 (1024.000000 -1504.000000 -64.000000) (1024.000000 -1661.630000 -64.000000) (512.000000 -1661.630000 -64.000000) (512.000000 -1504.000000 -64.000000) 
4 32 34 (480.000000 -512.000000 -64.000000) (480.000000 -480.000000 -64.000000) (512.000000 -480.000000 -64.000000) (512.000000 -512.000000 -64.000000) 
4 33 144 (480.000000 -1312.000000 -16.000000) (480.000000 -1312.000000 -64.000000) (480.000000 -1661.630000 -64.000000) (480.000000 -1661.630000 -16.000000) 
4 33 141 (480.000000 -1661.630000 0.000000) (480.000000 -1360.000000 0.000000) (480.000000 -1360.000000 -16.000000) (480.000000 -1661.630000 -16.000000) 
4 33 138 (480.000000 -1360.000000 0.000000) (480.000000 -1312.000000 0.000000) (480.000000 -1312.000000 -16.000000) (480.000000 -1360.000000 -16.000000) 
4 33 34 (480.000000 -1661.630000 -64.000000) (480.000000 -1312.000000 -64.000000) (512.000000 -1312.000000 -64.000000) (512.000000 -1661.630000 -64.000000) 
4 34 144 (480.000000 -1312.000000 -480.000000) (480.000000 -1661.630000 -480.000000) (480.000000 -1661.630000 -64.000000) (480.000000 -1312.000000 -64.000000) 
4 34 143 (480.000000 -896.000000 -480.000000) (480.000000 -1312.000000 -480.000000) (480.000000 -1312.000000 -64.000000) (480.000000 -896.000000 -64.000000) 
4 34 53 (480.000000 -480.000000 -64.000000) (480.000000 -480.000000 -480.000000) (480.000000 -896.000000 -480.000000) (480.000000 -896.000000 -64.000000) 
4 35 145 (480.000000 -1661.630000 -16.000000) (480.000000 -1661.630000 -480.000000) (480.000000 -1696.000000 -480.000000) (480.000000 -1696.000000 -16.000000) 
4 35 142 (480.000000 -1696.000000 0.000000) (480.000000 -1661.630000 0.000000) (480.000000 -1661.630000 -16.000000) (480.000000 -1696.000000 -16.000000) 
4 35 36 (480.000000 -1696.000000 -480.000000) (480.000000 -1661.630000 -480.000000) (1024.000000 -1661.630000 -480.000000) (1024.000000 -1696.000000 -480.000000) 
4 36 146 (480.000000 -896.000000 -512.000000) (480.000000 -1696.000000 -512.000000) (480.000000 -1696.000000 -480.000000) (480.000000 -896.000000 -480.000000) 
4 36 54 (480.000000 -480.000000 -480.000000) (480.000000 -480.000000 -512.000000) (480.000000 -896.000000 -512.000000) (480.000000 -896.000000 -480.000000) 
4 37 152 (-32.000000 -896.000000 544.000000) (-32.000000 -896.000000 576.000000) (-32.000000 -512.000000 576.000000) (-32.000000 -512.000000 544.000000) 
4 37 147 (-32.000000 -512.000000 576.000000) (-32.000000 160.000000 576.000000) (-32.000000 160.000000 544.000000) (-32.000000 -512.000000 544.000000) 
4 37 55 (480.000000 -896.000000 544.000000) (480.000000 -896.000000 576.000000) (-32.000000 -896.000000 576.000000) (-32.000000 -896.000000 544.000000) 
4 37 38 (-32.000000 125.630000 544.000000) (-32.000000 160.000000 544.000000) (480.000000 160.000000 544.000000) (480.000000 125.630000 544.000000) 
4 38 148 (-32.000000 160.000000 0.000000) (-32.000000 125.630000 0.000000) (-32.000000 125.630000 544.000000) (-32.000000 160.000000 544.000000) 
4 38 49 (-32.000000 125.630000 0.000000) (-32.000000 160.000000 0.000000) (480.000000 160.000000 0.000000) (480.000000 125.630000 0.000000) 
4 39 149 (-32.000000 125.630000 0.000000) (-32.000000 -32.000000 0.000000) (-32.000000 -32.000000 544.000000) (-32.000000 125.630000 544.000000) 
4 39 52 (-32.000000 -32.000000 0.000000) (-32.000000 125.630000 0.000000) (-0.000000 125.630000 0.000000) (-0.000000 -32.000000 0.000000) 
4 39 50 (-0.000000 125.630000 0.000000) (480.000000 125.630000 0.000000) (480.000000 -32.000000 0.000000) (-0.000000 -32.000000 0.000000) 
4 39 40 (480.000000 -32.000000 224.000000) (480.000000 -32.000000 544.000000) (-0.000000 -32.000000 544.000000) (0.000000 -32.000000 224.000000) 
4 39 42 (-0.000000 -32.000000 544.000000) (-32.000000 -32.000000 544.000000) (-32.000000 -32.000000 0.000000) (-0.000000 -32.000000 0.000000) 
4 40 41 (480.000000 -64.000000 224.000000) (480.000000 -64.000000 544.000000) (-0.000000 -64.000000 544.000000) (0.000000 -64.000000 224.000000) 
4 40 42 (0.000000 -64.000000 224.000000) (0.000000 -64.000000 544.000000) (0.000000 -32.000000 544.000000) (0.000000 -32.000000 224.000000) 
4 41 51 (480.000000 -64.000000 0.000000) (480.000000 -256.000000 0.000000) (0.000000 -256.000000 0.000000) (0.000000 -64.000000 0.000000) 
4 41 44 (192.000000 -448.000000 96.000000) (192.000000 -448.000000 0.000000) (288.000000 -448.000000 0.000000) (288.000000 -448.000000 96.000000) 
4 41 43 (480.000000 -448.000000 160.000000) (480.000000 -448.000000 544.000000) (-0.000000 -448.000000 544.000000) (0.000000 -448.000000 160.000000) 
4 41 42 (0.000000 -64.000000 0.000000) (0.000000 -448.000000 0.000000) (0.000000 -448.000000 544.000000) (0.000000 -64.000000 544.000000) 
4 42 149 (-32.000000 -32.000000 0.000000) (-32.000000 -448.000000 0.000000) (-32.000000 -448.000000 544.000000) (-32.000000 -32.000000 544.000000) 
4 42 52 (-32.000000 -448.000000 0.000000) (-32.000000 -32.000000 0.000000) (-0.000000 -32.000000 0.000000) (-0.000000 -448.000000 0.000000) 
4 42 43 (-0.000000 -448.000000 544.000000) (-32.000000 -448.000000 544.000000) (-32.000000 -448.000000 160.000000) (0.000000 -448.000000 160.000000) 
4 43 149 (-32.000000 -512.000000 160.000000) (-32.000000 -512.000000 544.000000) (-32.000000 -448.000000 544.000000) (-32.000000 -448.000000 160.000000) 
4 43 48 (-32.000000 -512.000000 544.000000) (-32.000000 -512.000000 160.000000) (-0.000000 -512.000000 160.000000) (-0.000000 -512.000000 544.000000) 
4 43 45 (480.000000 -512.000000 192.000000) (480.000000 -512.000000 544.000000) (-0.000000 -512.000000 544.000000) (0.000000 -512.000000 192.000000) 
4 44 46 (192.000000 -512.000000 0.000000) (288.000000 -512.000000 0.000000) (288.000000 -512.000000 96.000000) (192.000000 -512.000000 96.000000) 
4 45 56 (480.000000 -896.000000 192.000000) (480.000000 -896.000000 544.000000) (-0.000000 -896.000000 544.000000) (0.000000 -896.000000 192.000000) 
4 45 48 (0.000000 -512.000000 544.000000) (0.000000 -512.000000 192.000000) (0.000000 -896.000000 192.000000) (0.000000 -896.000000 544.000000) 
4 46 47 (96.000000 -864.000000 96.000000) (0.000000 -864.000000 96.000000) (0.000000 -864.000000 0.000000) (96.000000 -864.000000 0.000000) 
4 47 130 (1.000000 -896.000000 96.000000) (0.000000 -896.000000 96.000000) (0.000000 -896.000000 32.000000) (1.000000 -896.000000 32.000000) 
4 47 129 (32.000000 -896.000000 96.000000) (1.000000 -896.000000 96.000000) (1.000000 -896.000000 32.000000) (32.000000 -896.000000 32.000000) 
4 47 131 (0.000000 -896.000000 32.000000) (-0.000000 -896.000000 0.000000) (32.000000 -896.000000 0.000000) (32.000000 -896.000000 32.000000) 
4 47 100 (32.000000 -896.000000 32.000000) (32.000000 -896.000000 0.000000) (96.000000 -896.000000 0.000000) (96.000000 -896.000000 32.000000) 
4 47 95 (32.000000 -896.000000 33.557900) (32.000000 -896.000000 32.000000) (96.000000 -896.000000 32.000000) (96.000000 -896.000000 33.557900) 
4 47 62 (32.000000 -896.000000 42.905400) (32.000000 -896.000000 33.557900) (96.000000 -896.000000 33.557900) (96.000000 -896.000000 42.905400) 
4 47 58 (96.000000 -896.000000 96.000000) (32.000000 -896.000000 96.000000) (32.000000 -896.000000 42.905400) (96.000000 -896.000000 42.905400) 
4 48 153 (-32.000000 -896.000000 160.000000) (-32.000000 -896.000000 544.000000) (-32.000000 -512.000000 544.000000) (-32.000000 -512.000000 160.000000) 
4 48 137 (-0.000000 -896.000000 544.000000) (-32.000000 -896.000000 544.000000) (-32.000000 -896.000000 160.000000) (0.000000 -896.000000 160.000000) 
4 49 148 (-32.000000 125.630000 0.000000) (-32.000000 160.000000 0.000000) (-32.000000 160.000000 -480.000000) (-32.000000 125.630000 -480.000000) 
4 49 54 (-32.000000 125.630000 -480.000000) (-32.000000 160.000000 -480.000000) (480.000000 160.000000 -480.000000) (480.000000 125.630000 -480.000000) 
4 50 52 (0.000000 125.630000 0.000000) (0.000000 125.630000 -64.000000) (0.000000 -32.000000 -64.000000) (0.000000 -32.000000 0.000000) 
4 50 53 (0.000000 -32.000000 -64.000000) (-0.000000 125.630000 -64.000000) (480.000000 125.630000 -64.000000) (480.000000 -32.000000 -64.000000) 
4 51 52 (0.000000 -256.000000 0.000000) (0.000000 -64.000000 0.000000) (0.000000 -64.000000 -32.000000) (0.000000 -256.000000 -32.000000) 
4 52 149 (-32.000000 -512.000000 0.000000) (-32.000000 125.630000 0.000000) (-32.000000 125.630000 -64.000000) (-32.000000 -512.000000 -64.000000) 
4 52 53 (-32.000000 -512.000000 -64.000000) (-32.000000 125.630000 -64.000000) (-0.000000 125.630000 -64.000000) (0.000000 -512.000000 -64.000000) 
4 53 155 (-32.000000 -896.000000 -480.000000) (-32.000000 -896.000000 -64.000000) (-32.000000 -512.000000 -64.000000) (-32.000000 -512.000000 -480.000000) 
4 53 149 (-32.000000 -512.000000 -64.000000) (-32.000000 125.630000 -64.000000) (-32.000000 125.630000 -480.000000) (-32.000000 -512.000000 -480.000000) 
4 53 143 (480.000000 -896.000000 -480.000000) (480.000000 -896.000000 -64.000000) (-32.000000 -896.000000 -64.000000) (-32.000000 -896.000000 -480.000000) 
4 54 159 (-32.000000 -512.000000 -512.000000) (-32.000000 -896.000000 -512.000000) (-32.000000 -896.000000 -480.000000) (-32.000000 -512.000000 -480.000000) 
4 54 151 (-32.000000 160.000000 -512.000000) (-32.000000 -512.000000 -512.000000) (-32.000000 -512.000000 -480.000000) (-32.000000 160.000000 -480.000000) 
4 54 146 (480.000000 -896.000000 -512.000000) (480.000000 -896.000000 -480.000000) (-32.000000 -896.000000 -480.000000) (-32.000000 -896.000000 -512.000000) 
4 55 152 (-32.000000 -1696.000000 576.000000) (-32.000000 -896.000000 576.000000) (-32.000000 -896.000000 544.000000) (-32.000000 -1696.000000 544.000000) 
4 55 142 (-32.000000 -1696.000000 544.000000) (-32.000000 -1661.630000 544.000000) (480.000000 -1661.630000 544.000000) (480.000000 -1696.000000 544.000000) 
4 56 139 (368.000000 -1312.000000 544.000000) (176.000000 -1312.000000 544.000000) (176.000000 -1312.000000 192.000000) (368.000000 -1312.000000 192.000000) 
4 56 140 (176.000000 -1312.000000 544.000000) (-0.000000 -1312.000000 544.000000) (0.000000 -1312.000000 192.000000) (176.000000 -1312.000000 192.000000) 
4 56 138 (480.000000 -1312.000000 192.000000) (480.000000 -1312.000000 544.000000) (368.000000 -1312.000000 544.000000) (368.000000 -1312.000000 192.000000) 
4 56 137 (0.000000 -896.000000 544.000000) (0.000000 -896.000000 192.000000) (0.000000 -1312.000000 192.000000) (0.000000 -1312.000000 544.000000) 
4 57 135 (0.000000 -1247.000000 128.000000) (0.000000 -1216.000000 128.000000) (32.000000 -1216.000000 128.000000) (32.000000 -1247.000000 128.000000) 
4 57 133 (1.000000 -1056.000000 128.000000) (32.000000 -1056.000000 128.000000) (32.000000 -1216.000000 128.000000) (1.000000 -1216.000000 128.000000) 
4 57 132 (0.000000 -1056.000000 128.000000) (0.000000 -1024.000000 128.000000) (32.000000 -1024.000000 128.000000) (32.000000 -1056.000000 128.000000) 
4 57 130 (0.000000 -928.000000 128.000000) (-0.000000 -896.000000 128.000000) (1.000000 -896.000000 128.000000) (1.000000 -928.000000 128.000000) 
4 57 129 (1.000000 -896.000000 128.000000) (32.000000 -896.000000 128.000000) (32.000000 -1024.000000 128.000000) (1.000000 -1024.000000 128.000000) 
4 57 103 (354.666667 -1280.000000 128.000000) (320.000000 -1280.000000 128.000000) (320.000000 -1200.000000 128.000000) (354.666667 -1200.000000 128.000000) 
4 57 128 (320.000000 -1280.000000 128.000000) (32.000000 -1280.000000 128.000000) (32.000000 -1200.000000 128.000000) (320.000000 -1200.000000 128.000000) 
4 57 102 (480.000000 -1200.000000 128.000000) (480.000000 -1280.000000 128.000000) (354.666667 -1280.000000 128.000000) (354.666667 -1200.000000 128.000000) 
4 57 101 (480.000000 -1088.000000 128.000000) (480.000000 -1200.000000 128.000000) (32.000000 -1200.000000 128.000000) (32.000000 -1088.000000 128.000000) 
4 57 79 (475.656061 -1088.000000 128.000000) (32.000000 -1088.000000 128.000000) (32.000000 -1067.070000 128.000000) (433.304778 -1067.070000 128.000000) 
4 57 78 (480.000000 -1067.070000 128.000000) (480.000000 -1088.000000 128.000000) (475.656061 -1088.000000 128.000000) (433.304778 -1067.070000 128.000000) 
4 57 69 (253.563095 -1067.070000 128.000000) (167.982204 -1067.070000 128.000000) (167.982204 -1014.190000 128.000000) (253.563095 -1014.190000 128.000000) 
4 57 71 (167.982204 -1067.070000 128.000000) (32.000000 -1067.070000 128.000000) (32.000000 -1014.190000 128.000000) (167.982204 -1014.190000 128.000000) 
4 57 63 (480.000000 -1014.190000 128.000000) (480.000000 -1067.070000 128.000000) (253.563095 -1067.070000 128.000000) (253.563095 -1014.190000 128.000000) 
4 57 58 (32.000000 -896.000000 128.000000) (480.000000 -896.000000 128.000000) (480.000000 -1014.190000 128.000000) (32.000000 -1014.190000 128.000000) 
4 58 129 (32.000000 -1014.190000 128.000000) (32.000000 -896.000000 128.000000) (32.000000 -896.000000 42.905400) (32.000000 -1014.190000 42.905400) 
3 58 72 (471.743434 -1014.190000 42.905400) (478.272579 -1014.190000 42.905400) (478.651349 -1014.190000 44.595830) 
5 58 69 (453.325181 -1014.190000 63.999942) (253.563095 -1014.190000 128.000000) (167.982204 -1014.190000 128.000000) (433.586257 -1014.190000 42.905400) (448.598338 -1014.190000 42.905400) 
5 58 66 (480.000000 -1014.190000 50.614800) (455.580121 -1014.190000 62.023077) (451.296252 -1014.190000 42.905400) (471.743434 -1014.190000 42.905400) (478.651349 -1014.190000 44.595830) 
4 58 65 (480.000000 -1014.190000 50.614800) (480.000000 -1014.190000 55.453826) (455.842383 -1014.190000 63.193477) (455.580121 -1014.190000 62.023077) 
4 58 71 (167.982204 -1014.190000 128.000000) (32.000000 -1014.190000 128.000000) (32.000000 -1014.190000 42.905400) (433.586257 -1014.190000 42.905400) 
3 58 64 (480.000000 -1014.190000 42.905400) (480.000000 -1014.190000 50.614800) (478.272579 -1014.190000 42.905400) 
3 58 63 (480.000000 -1014.190000 55.453826) (480.000000 -1014.190000 128.000000) (253.563095 -1014.190000 128.000000) 
4 58 60 (480.000000 -964.871322 42.905400) (480.000000 -975.932084 42.905400) (457.096000 -1000.330000 42.905400) (454.490000 -992.000000 42.905400) 
4 58 59 (480.000000 -975.932084 42.905400) (480.000000 -1014.190000 42.905400) (453.906890 -1014.190000 42.905400) (451.454000 -1006.340000 42.905400) 
3 58 61 (453.906890 -1014.190000 42.905400) (433.624003 -1014.190000 42.905400) (448.848000 -998.000000 42.905400) 
5 58 62 (32.000000 -1014.190000 42.905400) (32.000000 -896.000000 42.905400) (480.000000 -896.000000 42.905400) (480.000000 -964.871322 42.905400) (433.624003 -1014.190000 42.905400) 
4 59 84 (470.648000 -1014.190000 33.557900) (453.906890 -1014.190000 33.557900) (451.454000 -1006.340000 33.557900) (470.648000 -985.894069 33.557900) 
4 59 83 (480.000000 -975.932084 33.557900) (480.000000 -1014.190000 33.557900) (470.648000 -1014.190000 33.557900) (470.648000 -985.894069 33.557900) 
4 59 74 (456.316000 -1014.190000 33.557900) (476.178115 -1014.190000 33.557900) (476.291000 -1014.190000 34.061700) (456.316000 -1014.190000 37.699450) 
4 59 77 (453.906890 -1014.190000 33.557900) (456.316000 -1014.190000 33.557900) (456.316000 -1014.190000 37.699450) (453.906890 -1014.190000 38.138186) 
5 59 72 (476.291000 -1014.190000 34.061700) (478.272579 -1014.190000 42.905400) (471.743434 -1014.190000 42.905400) (453.906890 -1014.190000 38.540634) (453.906890 -1014.190000 38.138186) 
3 59 66 (471.743434 -1014.190000 42.905400) (453.906890 -1014.190000 42.905400) (453.906890 -1014.190000 38.540634) 
4 59 64 (476.178115 -1014.190000 33.557900) (480.000000 -1014.190000 33.557900) (480.000000 -1014.190000 42.905400) (478.272579 -1014.190000 42.905400) 
4 59 60 (480.000000 -975.932084 42.905400) (480.000000 -975.932084 33.557900) (457.096000 -1000.330000 33.557900) (457.096000 -1000.330000 42.905400) 
4 59 61 (451.454000 -1006.340000 33.557900) (453.906890 -1014.190000 33.557900) (453.906890 -1014.190000 42.905400) (451.454000 -1006.340000 42.905400) 
4 60 85 (470.648000 -985.894069 33.557900) (457.096000 -1000.330000 33.557900) (454.490000 -992.000000 33.557900) (470.648000 -974.816732 33.557900) 
4 60 83 (480.000000 -964.871322 33.557900) (480.000000 -975.932084 33.557900) (470.648000 -985.894069 33.557900) (470.648000 -974.816732 33.557900) 
4 60 62 (480.000000 -964.871322 42.905400) (480.000000 -964.871322 33.557900) (454.490000 -992.000000 33.557900) (454.490000 -992.000000 42.905400) 
3 61 86 (453.906890 -1014.190000 33.557900) (433.624003 -1014.190000 33.557900) (448.848000 -998.000000 33.557900) 
4 61 77 (433.624003 -1014.190000 33.557900) (453.906890 -1014.190000 33.557900) (453.906890 -1014.190000 38.138186) (452.966100 -1014.190000 38.309518) 
3 61 72 (453.906890 -1014.190000 38.138186) (453.906890 -1014.190000 38.540634) (452.966100 -1014.190000 38.309518) 
3 61 69 (448.598338 -1014.190000 42.905400) (433.624003 -1014.190000 42.905400) (447.593185 -1014.190000 38.419691) 
4 61 66 (450.116391 -1014.190000 37.609452) (453.906890 -1014.190000 38.540634) (453.906890 -1014.190000 42.905400) (451.296252 -1014.190000 42.905400) 
3 61 71 (433.624003 -1014.190000 33.557900) (450.116391 -1014.190000 37.609452) (433.624003 -1014.190000 42.905400) 
4 61 62 (448.848000 -998.000000 33.557900) (433.624003 -1014.190000 33.557900) (433.624003 -1014.190000 42.905400) (448.848000 -998.000000 42.905400) 
4 62 129 (32.000000 -896.000000 42.905400) (32.000000 -896.000000 33.557900) (32.000000 -1014.190000 33.557900) (32.000000 -1014.190000 42.905400) 
5 62 87 (416.000000 -896.000000 33.557900) (470.648000 -896.000000 33.557900) (470.648000 -974.816732 33.557900) (433.624003 -1014.190000 33.557900) (416.000000 -1014.190000 33.557900) 
4 62 95 (32.000000 -1014.190000 33.557900) (32.000000 -896.000000 33.557900) (416.000000 -896.000000 33.557900) (416.000000 -1014.190000 33.557900) 
4 62 83 (470.648000 -896.000000 33.557900) (480.000000 -896.000000 33.557900) (480.000000 -964.871322 33.557900) (470.648000 -974.816732 33.557900) 
4 62 71 (32.000000 -1014.190000 33.557900) (433.624003 -1014.190000 33.557900) (433.624003 -1014.190000 42.905400) (32.000000 -1014.190000 42.905400) 
3 63 79 (433.304778 -1067.070000 128.000000) (253.563095 -1067.070000 128.000000) (433.304778 -1067.070000 70.414107) 
4 63 78 (480.000000 -1067.070000 55.453826) (480.000000 -1067.070000 128.000000) (433.304778 -1067.070000 128.000000) (433.304778 -1067.070000 70.414107) 
4 63 69 (453.325181 -1067.070000 63.999942) (253.563095 -1067.070000 128.000000) (253.563095 -1014.190000 128.000000) (453.325181 -1014.190000 63.999942) 
4 63 67 (455.842014 -1065.204494 63.193596) (455.842383 -1014.190000 63.193477) (480.000000 -1037.226333 55.453826) (480.000000 -1060.074811 55.453826) 
4 63 68 (480.000000 -1067.070000 55.453826) (455.842000 -1067.070000 63.193600) (455.842014 -1065.204494 63.193596) (480.000000 -1060.074811 55.453826) 
3 63 65 (455.842383 -1014.190000 63.193477) (480.000000 -1014.190000 55.453826) (480.000000 -1037.226333 55.453826) 
4 64 83 (476.178115 -1014.190000 33.557900) (480.000000 -1014.190000 33.557900) (480.000000 -1067.070000 33.557900) (476.178115 -1067.070000 33.557900) 
3 64 78 (476.178115 -1067.070000 33.557900) (480.000000 -1067.070000 33.557900) (480.000000 -1067.070000 50.614800) 
4 64 75 (476.178115 -1031.020000 33.557900) (476.178115 -1067.070000 33.557900) (476.291000 -1067.070000 34.061700) (476.291000 -1031.020000 34.061700) 
4 64 74 (476.178115 -1014.190000 33.557900) (476.178115 -1031.020000 33.557900) (476.291000 -1031.020000 34.061700) (476.291000 -1014.190000 34.061700) 
4 64 72 (478.651349 -1021.400000 44.595830) (478.651349 -1014.190000 44.595830) (476.291000 -1014.190000 34.061700) (476.291000 -1021.400000 34.061700) 
4 64 73 (476.291000 -1067.070000 34.061700) (478.651349 -1067.070000 44.595830) (478.651349 -1059.860000 44.595830) (476.291000 -1059.860000 34.061700) 
4 64 68 (478.651349 -1067.070000 44.595830) (480.000000 -1067.070000 50.614800) (480.000000 -1059.860000 50.614800) (478.651349 -1059.860000 44.595830) 
4 64 66 (480.000000 -1021.400000 50.614800) (480.000000 -1014.190000 50.614800) (478.651349 -1014.190000 44.595830) (478.651349 -1021.400000 44.595830) 
4 65 67 (480.000000 -1038.191069 50.614800) (480.000000 -1037.226333 55.453826) (455.842383 -1014.190000 63.193477) (458.022000 -1016.590000 60.882300) 
4 65 66 (455.580121 -1014.190000 62.023077) (480.000000 -1014.190000 50.614800) (480.000000 -1021.400000 50.614800) (458.022071 -1016.590070 60.882267) 
3 66 77 (450.110000 -1014.190000 37.611500) (452.964000 -1014.190000 38.309900) (452.964000 -1016.590000 38.309900) 
4 66 72 (452.964000 -1014.190000 38.309900) (478.651349 -1014.190000 44.595830) (478.651349 -1021.400000 44.595830) (452.964000 -1016.590000 38.309900) 
4 67 68 (480.000000 -1059.860000 50.614800) (480.000000 -1060.074811 55.453826) (455.842000 -1065.204496 63.193600) (458.022000 -1064.670000 60.882300) 
5 68 78 (474.371169 -1067.070000 43.548431) (478.651349 -1067.070000 44.595830) (480.000000 -1067.070000 50.614800) (480.000000 -1067.070000 55.453826) (455.842000 -1067.070000 63.193600) 
4 68 73 (478.651349 -1059.860000 44.595830) (478.651349 -1067.070000 44.595830) (474.371169 -1067.070000 43.548431) (474.371169 -1060.661480 43.548431) 
4 68 70 (474.371169 -1060.661480 43.548431) (474.371169 -1067.070000 43.548431) (455.842000 -1067.070000 63.193600) (458.022000 -1064.670000 60.882300) 
4 69 79 (433.304778 -1067.070000 70.414107) (253.563095 -1067.070000 128.000000) (167.982204 -1067.070000 128.000000) (433.304778 -1067.070000 42.995581) 
4 69 78 (453.325181 -1067.070000 63.999942) (433.304778 -1067.070000 70.414107) (433.304778 -1067.070000 42.995581) (447.592798 -1067.070000 38.417965) 
4 69 71 (167.982204 -1067.070000 128.000000) (167.982204 -1014.190000 128.000000) (447.592798 -1014.190000 38.417965) (447.592798 -1067.070000 38.417965) 
3 70 78 (450.110000 -1067.070000 37.611500) (474.371169 -1067.070000 43.548431) (455.842000 -1067.070000 63.193600) 
3 70 77 (452.964000 -1067.070000 38.309900) (450.110000 -1067.070000 37.611500) (452.964410 -1064.669978 38.310000) 
4 70 73 (474.371169 -1060.661480 43.548431) (474.371169 -1067.070000 43.548431) (452.964000 -1067.070000 38.309900) (452.964410 -1064.669978 38.310000) 
4 71 133 (32.000000 -1067.070000 128.000000) (32.000000 -1056.000000 128.000000) (32.000000 -1056.000000 33.557900) (32.000000 -1067.070000 33.557900) 
4 71 132 (32.000000 -1056.000000 128.000000) (32.000000 -1024.000000 128.000000) (32.000000 -1024.000000 33.557900) (32.000000 -1056.000000 33.557900) 
4 71 129 (32.000000 -1024.000000 128.000000) (32.000000 -1014.190000 128.000000) (32.000000 -1014.190000 33.557900) (32.000000 -1024.000000 33.557900) 
4 71 93 (433.545031 -1023.800000 33.557900) (433.545031 -1067.070000 33.557900) (416.000000 -1067.070000 33.557900) (416.000000 -1023.800000 33.557900) 
3 71 86 (433.545031 -1014.273983 33.557900) (433.545031 -1023.800000 33.557900) (424.587400 -1023.800000 33.557900) 
5 71 87 (416.000000 -1014.190000 33.557900) (433.545031 -1014.190000 33.557900) (433.545031 -1014.273983 33.557900) (424.587400 -1023.800000 33.557900) (416.000000 -1023.800000 33.557900) 
4 71 95 (32.000000 -1067.070000 33.557900) (32.000000 -1014.190000 33.557900) (416.000000 -1014.190000 33.557900) (416.000000 -1067.070000 33.557900) 
4 71 81 (413.164447 -1067.070000 33.557900) (433.304778 -1067.070000 33.557900) (433.304778 -1067.070000 42.905400) (413.164447 -1067.070000 42.905400) 
4 71 82 (32.000000 -1067.070000 42.905400) (32.000000 -1067.070000 33.557900) (413.164447 -1067.070000 33.557900) (413.164447 -1067.070000 42.905400) 
5 71 79 (32.000000 -1067.070000 128.000000) (32.000000 -1067.070000 42.905400) (433.304778 -1067.070000 42.905400) (433.304778 -1067.070000 42.995581) (167.982204 -1067.070000 128.000000) 
4 71 78 (433.304778 -1067.070000 33.557900) (433.545031 -1067.070000 33.557900) (450.110000 -1067.070000 37.611500) (433.304778 -1067.070000 42.995581) 
4 71 77 (433.545031 -1014.190000 33.557900) (450.110000 -1014.190000 37.611500) (450.110000 -1067.070000 37.611500) (433.545031 -1067.070000 33.557900) 
4 72 74 (456.316000 -1014.190000 37.699450) (476.291000 -1014.190000 34.061700) (476.291000 -1021.400000 34.061700) (456.316000 -1017.281178 37.699450) 
4 72 77 (452.964000 -1016.590000 38.309900) (452.964000 -1014.190000 38.309900) (456.316000 -1014.190000 37.699450) (456.316000 -1017.281178 37.699450) 
3 73 78 (476.291000 -1067.070000 34.061700) (478.651349 -1067.070000 44.595830) (452.964000 -1067.070000 38.309900) 
4 73 76 (456.316000 -1063.978868 37.699450) (466.739000 -1061.829633 35.801264) (466.739000 -1067.070000 35.801264) (456.316000 -1067.070000 37.699450) 
4 73 75 (466.739000 -1061.829633 35.801264) (476.291000 -1059.860000 34.061700) (476.291000 -1067.070000 34.061700) (466.739000 -1067.070000 35.801264) 
4 73 77 (452.964000 -1067.070000 38.309900) (452.964000 -1064.670054 38.309900) (456.316000 -1063.978868 37.699450) (456.316000 -1067.070000 37.699450) 
5 74 84 (456.316000 -1014.190000 33.557900) (470.648000 -1014.190000 33.557900) (470.648000 -1023.800000 33.557900) (456.909727 -1023.800000 33.557900) (456.316000 -1021.899893 33.557900) 
3 74 86 (456.909727 -1023.800000 33.557900) (456.316000 -1023.800000 33.557900) (456.316000 -1021.899893 33.557900) 
4 74 83 (470.648000 -1014.190000 33.557900) (476.178115 -1014.190000 33.557900) (476.178115 -1031.020000 33.557900) (470.648000 -1031.020000 33.557900) 
4 74 75 (466.739000 -1031.020000 33.557900) (476.178115 -1031.020000 33.557900) (476.291000 -1031.020000 34.061700) (466.739000 -1031.020000 35.801264) 
4 74 77 (456.316000 -1031.020000 37.699450) (456.316000 -1014.190000 37.699450) (456.316000 -1014.190000 33.557900) (456.316000 -1031.020000 33.557900) 
4 75 88 (470.648000 -1067.070000 33.557900) (466.739000 -1067.070000 33.557900) (466.739000 -1057.450000 33.557900) (470.648000 -1057.450000 33.557900) 
4 75 83 (476.178115 -1031.020000 33.557900) (476.178115 -1067.070000 33.557900) (470.648000 -1067.070000 33.557900) (470.648000 -1031.020000 33.557900) 
4 75 78 (466.739000 -1067.070000 33.557900) (476.178115 -1067.070000 33.557900) (476.291000 -1067.070000 34.061700) (466.739000 -1067.070000 35.801264) 
4 75 76 (466.739000 -1050.240000 33.557900) (466.739000 -1067.070000 33.557900) (466.739000 -1067.070000 35.801264) (466.739000 -1050.240000 35.801264) 
4 76 88 (466.739000 -1067.070000 33.557900) (456.316000 -1067.070000 33.557900) (456.316000 -1057.450000 33.557900) (466.739000 -1057.450000 33.557900) 
4 76 78 (456.316000 -1067.070000 33.557900) (466.739000 -1067.070000 33.557900) (466.739000 -1067.070000 35.801264) (456.316000 -1067.070000 37.699450) 
4 76 77 (456.316000 -1067.070000 33.557900) (456.316000 -1067.070000 37.699450) (456.316000 -1050.240000 37.699450) (456.316000 -1050.240000 33.557900) 
4 77 93 (448.000000 -1067.070000 33.557900) (433.545031 -1067.070000 33.557900) (433.545031 -1023.800000 33.557900) (448.000000 -1023.800000 33.557900) 
4 77 91 (452.408000 -1057.450000 33.557900) (448.000000 -1057.450000 33.557900) (448.000000 -1023.800000 33.557900) (452.408000 -1023.800000 33.557900) 
4 77 88 (456.316000 -1057.450000 33.557900) (456.316000 -1067.070000 33.557900) (451.802722 -1067.070000 33.557900) (453.198606 -1057.450000 33.557900) 
4 77 90 (451.802722 -1067.070000 33.557900) (448.000000 -1067.070000 33.557900) (448.000000 -1057.450000 33.557900) (453.198606 -1057.450000 33.557900) 
3 77 84 (453.906890 -1014.190000 33.557900) (456.316000 -1014.190000 33.557900) (456.316000 -1021.899893 33.557900) 
6 77 86 (433.624003 -1014.190000 33.557900) (453.906890 -1014.190000 33.557900) (456.316000 -1021.899893 33.557900) (456.316000 -1023.800000 33.557900) (433.545031 -1023.800000 33.557900) (433.545031 -1014.273983 33.557900) 
3 77 87 (433.545031 -1014.190000 33.557900) (433.624003 -1014.190000 33.557900) (433.545031 -1014.273983 33.557900) 
4 77 78 (433.545031 -1067.070000 33.557900) (456.316000 -1067.070000 33.557900) (456.316000 -1067.070000 37.699450) (452.964000 -1067.070000 38.309900) 
4 78 101 (480.000000 -1088.000000 33.557900) (480.000000 -1088.000000 128.000000) (475.656061 -1088.000000 128.000000) (475.656061 -1088.000000 33.557900) 
3 78 93 (448.000000 -1074.332377 33.557900) (433.304778 -1067.070000 33.557900) (448.000000 -1067.070000 33.557900) 
4 78 88 (470.648000 -1085.525017 33.557900) (450.565000 -1075.600000 33.557900) (451.802722 -1067.070000 33.557900) (470.648000 -1067.070000 33.557900) 
4 78 90 (450.565000 -1075.600000 33.557900) (448.000000 -1074.332377 33.557900) (448.000000 -1067.070000 33.557900) (451.802722 -1067.070000 33.557900) 
5 78 83 (480.000000 -1088.000000 33.557900) (475.656061 -1088.000000 33.557900) (470.648000 -1085.525017 33.557900) (470.648000 -1067.070000 33.557900) (480.000000 -1067.070000 33.557900) 
4 78 80 (456.858000 -1078.710000 33.557900) (475.656061 -1088.000000 33.557900) (475.656061 -1088.000000 42.905400) (456.858000 -1078.710000 42.905400) 
4 78 81 (433.304778 -1067.070000 42.905400) (433.304778 -1067.070000 33.557900) (450.565000 -1075.600000 33.557900) (450.565000 -1075.600000 42.905400) 
4 78 79 (433.304778 -1067.070000 128.000000) (433.304778 -1067.070000 42.905400) (475.656061 -1088.000000 42.905400) (475.656061 -1088.000000 128.000000) 
4 79 133 (32.000000 -1088.000000 128.000000) (32.000000 -1067.070000 128.000000) (32.000000 -1067.070000 42.905400) (32.000000 -1088.000000 42.905400) 
4 79 101 (475.656061 -1088.000000 128.000000) (32.000000 -1088.000000 128.000000) (32.000000 -1088.000000 42.905400) (475.656061 -1088.000000 42.905400) 
3 79 80 (475.656061 -1088.000000 42.905400) (455.509000 -1088.000000 42.905400) (456.858000 -1078.710000 42.905400) 
4 79 81 (449.217000 -1084.890000 42.905400) (413.164447 -1067.070000 42.905400) (433.304778 -1067.070000 42.905400) (450.565000 -1075.600000 42.905400) 
4 79 82 (455.509000 -1088.000000 42.905400) (32.000000 -1088.000000 42.905400) (32.000000 -1067.070000 42.905400) (413.164447 -1067.070000 42.905400) 
4 80 101 (455.509000 -1088.000000 33.557900) (475.656061 -1088.000000 33.557900) (475.656061 -1088.000000 42.905400) (455.509000 -1088.000000 42.905400) 
4 80 89 (470.648000 -1088.000000 33.557900) (455.509000 -1088.000000 33.557900) (456.858000 -1078.710000 33.557900) (470.648000 -1085.525017 33.557900) 
3 80 83 (475.656061 -1088.000000 33.557900) (470.648000 -1088.000000 33.557900) (470.648000 -1085.525017 33.557900) 
5 81 93 (448.000000 -1084.288463 33.557900) (416.000000 -1068.471553 33.557900) (416.000000 -1067.070000 33.557900) (433.304778 -1067.070000 33.557900) (448.000000 -1074.332377 33.557900) 
4 81 90 (449.217000 -1084.890000 33.557900) (448.000000 -1084.288463 33.557900) (448.000000 -1074.332377 33.557900) (450.565000 -1075.600000 33.557900) 
3 81 95 (416.000000 -1068.471553 33.557900) (413.164447 -1067.070000 33.557900) (416.000000 -1067.070000 33.557900) 
4 81 82 (413.164447 -1067.070000 42.905400) (413.164447 -1067.070000 33.557900) (449.217000 -1084.890000 33.557900) (449.217000 -1084.890000 42.905400) 
4 82 133 (32.000000 -1067.070000 42.905400) (32.000000 -1067.070000 33.557900) (32.000000 -1088.000000 33.557900) (32.000000 -1088.000000 42.905400) 
4 82 101 (32.000000 -1088.000000 42.905400) (32.000000 -1088.000000 33.557900) (455.509000 -1088.000000 33.557900) (455.509000 -1088.000000 42.905400) 
4 82 93 (448.000000 -1088.000000 33.557900) (416.000000 -1088.000000 33.557900) (416.000000 -1068.471553 33.557900) (448.000000 -1084.288463 33.557900) 
3 82 92 (455.509000 -1088.000000 33.557900) (448.000000 -1088.000000 33.557900) (448.000000 -1084.288463 33.557900) 
5 82 95 (416.000000 -1088.000000 33.557900) (32.000000 -1088.000000 33.557900) (32.000000 -1067.070000 33.557900) (413.164447 -1067.070000 33.557900) (416.000000 -1068.471553 33.557900) 
4 83 101 (480.000000 -1088.000000 32.000000) (480.000000 -1088.000000 33.557900) (470.648000 -1088.000000 33.557900) (471.951000 -1088.000000 32.000000) 
4 83 96 (471.951000 -896.000000 32.000000) (480.000000 -896.000000 32.000000) (480.000000 -992.000000 32.000000) (471.951000 -992.000000 32.000000) 
4 83 89 (471.951000 -1086.168959 32.000000) (471.951000 -1088.000000 32.000000) (470.648000 -1088.000000 33.557900) (470.648000 -1085.525017 33.557900) 
4 83 88 (471.951000 -1059.860000 32.000000) (471.951000 -1086.168959 32.000000) (470.648000 -1085.525017 33.557900) (470.648000 -1057.450000 33.557900) 
4 83 85 (471.951000 -973.431053 32.000000) (471.951000 -984.506081 32.000000) (470.648000 -985.894069 33.557900) (470.648000 -974.816732 33.557900) 
4 83 84 (471.951000 -984.506081 32.000000) (471.951000 -1021.400000 32.000000) (470.648000 -1023.800000 33.557900) (470.648000 -985.894069 33.557900) 
4 83 87 (471.951000 -896.000000 32.000000) (471.951000 -973.431053 32.000000) (470.648000 -974.816732 33.557900) (470.648000 -896.000000 33.557900) 
3 84 96 (471.951000 -984.506081 32.000000) (471.951000 -992.000000 32.000000) (464.915943 -992.000000 32.000000) 
4 84 85 (471.951000 -984.506081 32.000000) (457.096000 -1000.330000 32.000000) (457.096000 -1000.330000 33.557900) (470.648000 -985.894069 33.557900) 
4 84 86 (451.454000 -1006.340000 32.000000) (456.159799 -1021.400000 32.000000) (456.909727 -1023.800000 33.557900) (451.454000 -1006.340000 33.557900) 
4 85 96 (471.951000 -973.431053 32.000000) (471.951000 -984.506081 32.000000) (464.915943 -992.000000 32.000000) (454.490000 -992.000000 32.000000) 
4 85 87 (471.951000 -973.431053 32.000000) (454.490000 -992.000000 32.000000) (454.490000 -992.000000 33.557900) (470.648000 -974.816732 33.557900) 
4 86 94 (426.844200 -1021.400000 32.000000) (448.000000 -1021.400000 32.000000) (448.000000 -1022.940535 33.000000) (425.395583 -1022.940535 33.000000) 
4 86 93 (448.000000 -1022.940535 33.000000) (448.000000 -1023.800000 33.557900) (424.587400 -1023.800000 33.557900) (425.395583 -1022.940535 33.000000) 
4 86 91 (448.000000 -1021.400000 32.000000) (451.105000 -1021.400000 32.000000) (452.408000 -1023.800000 33.557900) (448.000000 -1023.800000 33.557900) 
4 86 87 (448.848000 -998.000000 32.000000) (426.844200 -1021.400000 32.000000) (424.587400 -1023.800000 33.557900) (448.848000 -998.000000 33.557900) 
5 87 96 (416.000000 -896.000000 32.000000) (471.951000 -896.000000 32.000000) (471.951000 -973.431053 32.000000) (454.490000 -992.000000 32.000000) (416.000000 -992.000000 32.000000) 
4 87 94 (416.000000 -1021.400000 32.000000) (426.844200 -1021.400000 32.000000) (425.395583 -1022.940535 33.000000) (416.000000 -1022.940535 33.000000) 
4 87 93 (425.395583 -1022.940535 33.000000) (424.587400 -1023.800000 33.557900) (416.000000 -1023.800000 33.557900) (416.000000 -1022.940535 33.000000) 
4 87 95 (416.000000 -896.000000 33.557900) (416.000000 -896.000000 32.000000) (416.000000 -1021.400000 32.000000) (416.000000 -1023.800000 33.557900) 
4 88 89 (456.858000 -1078.710000 32.000000) (471.951000 -1086.168959 32.000000) (470.648000 -1085.525017 33.557900) (456.858000 -1078.710000 33.557900) 
4 88 90 (450.565000 -1075.600000 33.557900) (453.198606 -1057.450000 33.557900) (452.848910 -1059.860000 32.000000) (450.565000 -1075.600000 32.000000) 
4 89 101 (470.648000 -1088.000000 33.557900) (455.509000 -1088.000000 33.557900) (455.509000 -1088.000000 32.000000) (471.951000 -1088.000000 32.000000) 
4 90 93 (448.000000 -1084.288463 33.557900) (448.000000 -1057.450000 33.557900) (448.000000 -1058.313046 33.000000) (448.000000 -1084.288463 33.000000) 
4 90 91 (451.105000 -1059.860000 32.000000) (448.000000 -1059.860000 32.000000) (448.000000 -1057.450000 33.557900) (452.408000 -1057.450000 33.557900) 
4 90 92 (448.000000 -1084.288463 32.000000) (449.217000 -1084.890000 32.000000) (449.217000 -1084.890000 33.557900) (448.000000 -1084.288463 33.557900) 
4 91 94 (448.000000 -1022.940535 33.000000) (448.000000 -1021.400000 32.000000) (448.000000 -1024.000000 32.000000) (448.000000 -1024.000000 33.000000) 
4 91 93 (448.000000 -1057.450000 33.557900) (448.000000 -1023.800000 33.557900) (448.000000 -1022.940535 33.000000) (448.000000 -1058.313046 33.000000) 
4 92 101 (455.509000 -1088.000000 33.557900) (448.000000 -1088.000000 33.557900) (448.000000 -1088.000000 32.000000) (455.509000 -1088.000000 32.000000) 
4 92 93 (448.000000 -1088.000000 33.000000) (448.000000 -1088.000000 33.557900) (448.000000 -1084.288463 33.557900) (448.000000 -1084.288463 33.000000) 
4 93 101 (448.000000 -1088.000000 33.557900) (416.000000 -1088.000000 33.557900) (416.000000 -1088.000000 33.000000) (448.000000 -1088.000000 33.000000) 
4 93 94 (448.000000 -1022.940535 33.000000) (448.000000 -1024.000000 33.000000) (416.000000 -1024.000000 33.000000) (416.000000 -1022.940535 33.000000) 
4 93 95 (416.000000 -1088.000000 33.000000) (416.000000 -1088.000000 33.557900) (416.000000 -1023.800000 33.557900) (416.000000 -1022.940535 33.000000) 
4 94 95 (416.000000 -1021.400000 32.000000) (416.000000 -1024.000000 32.000000) (416.000000 -1024.000000 33.000000) (416.000000 -1022.940535 33.000000) 
4 95 133 (32.000000 -1056.000000 32.000000) (32.000000 -1088.000000 32.000000) (32.000000 -1088.000000 33.557900) (32.000000 -1056.000000 33.557900) 
4 95 132 (32.000000 -1024.000000 32.000000) (32.000000 -1056.000000 32.000000) (32.000000 -1056.000000 33.557900) (32.000000 -1024.000000 33.557900) 
4 95 129 (32.000000 -896.000000 33.557900) (32.000000 -896.000000 32.000000) (32.000000 -1024.000000 32.000000) (32.000000 -1024.000000 33.557900) 
4 95 101 (416.000000 -1088.000000 33.557900) (32.000000 -1088.000000 33.557900) (32.000000 -1088.000000 32.000000) (416.000000 -1088.000000 32.000000) 
4 95 100 (32.000000 -1088.000000 32.000000) (32.000000 -896.000000 32.000000) (416.000000 -896.000000 32.000000) (416.000000 -1088.000000 32.000000) 
4 96 98 (416.000000 -896.000000 31.000000) (424.000000 -896.000000 31.000000) (424.000000 -992.000000 31.000000) (416.000000 -992.000000 31.000000) 
4 96 97 (424.000000 -896.000000 31.000000) (480.000000 -896.000000 31.000000) (480.000000 -992.000000 31.000000) (424.000000 -992.000000 31.000000) 
4 96 100 (416.000000 -992.000000 32.000000) (416.000000 -896.000000 32.000000) (416.000000 -896.000000 31.000000) (416.000000 -992.000000 31.000000) 
4 97 101 (424.000000 -1088.000000 0.000000) (480.000000 -1088.000000 0.000000) (480.000000 -1088.000000 31.000000) (424.000000 -1088.000000 31.000000) 
4 97 99 (424.000000 -999.385000 0.000000) (424.000000 -1080.620000 0.000000) (424.000000 -1080.620000 31.000000) (424.000000 -999.385000 31.000000) 
4 97 98 (424.000000 -896.000000 0.000000) (424.000000 -992.000000 0.000000) (424.000000 -992.000000 31.000000) (424.000000 -896.000000 31.000000) 
4 98 100 (416.000000 -896.000000 0.000000) (416.000000 -992.000000 0.000000) (416.000000 -992.000000 31.000000) (416.000000 -896.000000 31.000000) 
4 99 100 (416.000000 -999.385000 0.000000) (416.000000 -1080.620000 0.000000) (416.000000 -1080.620000 31.000000) (416.000000 -999.385000 31.000000) 
4 100 134 (32.000000 -1056.000000 0.000000) (32.000000 -1088.000000 0.000000) (32.000000 -1088.000000 32.000000) (32.000000 -1056.000000 32.000000) 
4 100 132 (32.000000 -1024.000000 0.000000) (32.000000 -1056.000000 0.000000) (32.000000 -1056.000000 32.000000) (32.000000 -1024.000000 32.000000) 
4 100 131 (32.000000 -896.000000 32.000000) (32.000000 -896.000000 0.000000) (32.000000 -1024.000000 0.000000) (32.000000 -1024.000000 32.000000) 
4 100 101 (32.000000 -1088.000000 0.000000) (416.000000 -1088.000000 0.000000) (416.000000 -1088.000000 32.000000) (32.000000 -1088.000000 32.000000) 
4 101 133 (32.000000 -1200.000000 128.000000) (32.000000 -1088.000000 128.000000) (32.000000 -1088.000000 32.000000) (32.000000 -1200.000000 32.000000) 
4 101 134 (32.000000 -1088.000000 32.000000) (32.000000 -1088.000000 0.000000) (32.000000 -1200.000000 0.000000) (32.000000 -1200.000000 32.000000) 
4 101 119 (336.000000 -1200.000000 32.000000) (336.000000 -1200.000000 33.000000) (328.000000 -1200.000000 33.000000) (328.000000 -1200.000000 32.000000) 
4 101 118 (336.000000 -1200.000000 0.000000) (426.000000 -1200.000000 0.000000) (426.000000 -1200.000000 33.000000) (336.000000 -1200.000000 33.000000) 
4 101 120 (320.000000 -1200.000000 0.000000) (328.000000 -1200.000000 0.000000) (328.000000 -1200.000000 33.000000) (320.000000 -1200.000000 33.000000) 
4 101 116 (456.000000 -1200.000000 17.000000) (456.000000 -1200.000000 33.000000) (426.000000 -1200.000000 33.000000) (426.000000 -1200.000000 17.000000) 
4 101 117 (426.000000 -1200.000000 0.000000) (456.000000 -1200.000000 0.000000) (456.000000 -1200.000000 17.000000) (426.000000 -1200.000000 17.000000) 
4 101 115 (456.000000 -1200.000000 33.000000) (456.000000 -1200.000000 40.000000) (320.000000 -1200.000000 40.000000) (320.000000 -1200.000000 33.000000) 
4 101 111 (456.000000 -1200.000000 0.000000) (464.000000 -1200.000000 0.000000) (464.000000 -1200.000000 32.000000) (456.000000 -1200.000000 32.000000) 
4 101 110 (472.000000 -1200.000000 0.000000) (480.000000 -1200.000000 0.000000) (480.000000 -1200.000000 32.000000) (472.000000 -1200.000000 32.000000) 
5 101 104 (477.333333 -1200.000000 36.000000) (472.000000 -1200.000000 40.000000) (456.000000 -1200.000000 40.000000) (456.000000 -1200.000000 32.000000) (472.000000 -1200.000000 32.000000) 
4 101 108 (480.000000 -1200.000000 32.000000) (480.000000 -1200.000000 34.000000) (477.333333 -1200.000000 36.000000) (472.000000 -1200.000000 32.000000) 
4 101 103 (472.000000 -1200.000000 40.000000) (354.666667 -1200.000000 128.000000) (320.000000 -1200.000000 128.000000) (320.000000 -1200.000000 40.000000) 
4 101 128 (32.000000 -1200.000000 128.000000) (32.000000 -1200.000000 0.000000) (320.000000 -1200.000000 0.000000) (320.000000 -1200.000000 128.000000) 
3 101 102 (480.000000 -1200.000000 34.000000) (480.000000 -1200.000000 128.000000) (354.666667 -1200.000000 128.000000) 
4 102 105 (477.333333 -1256.000000 36.000000) (476.000000 -1256.000000 37.000000) (476.000000 -1224.000000 37.000000) (477.333333 -1224.000000 36.000000) 
4 102 104 (472.000000 -1224.000000 40.000000) (472.000000 -1200.000000 40.000000) (477.333333 -1200.000000 36.000000) (477.333333 -1224.000000 36.000000) 
4 102 108 (480.000000 -1200.000000 34.000000) (480.000000 -1256.000000 34.000000) (477.333333 -1256.000000 36.000000) (477.333333 -1200.000000 36.000000) 
4 102 109 (480.000000 -1256.000000 34.000000) (480.000000 -1280.000000 34.000000) (472.000000 -1280.000000 40.000000) (472.000000 -1256.000000 40.000000) 
4 102 103 (472.000000 -1280.000000 40.000000) (354.666667 -1280.000000 128.000000) (354.666667 -1200.000000 128.000000) (472.000000 -1200.000000 40.000000) 
4 103 136 (352.000000 -1280.000000 96.000000) (320.000000 -1280.000000 96.000000) (320.000000 -1280.000000 40.000000) (352.000000 -1280.000000 40.000000) 
4 103 115 (320.000000 -1200.000000 40.000000) (456.000000 -1200.000000 40.000000) (456.000000 -1280.000000 40.000000) (320.000000 -1280.000000 40.000000) 
4 103 106 (460.000000 -1256.000000 40.000000) (456.000000 -1256.000000 40.000000) (456.000000 -1224.000000 40.000000) (460.000000 -1224.000000 40.000000) 
4 103 104 (456.000000 -1200.000000 40.000000) (472.000000 -1200.000000 40.000000) (472.000000 -1224.000000 40.000000) (456.000000 -1224.000000 40.000000) 
4 103 109 (472.000000 -1256.000000 40.000000) (472.000000 -1280.000000 40.000000) (456.000000 -1280.000000 40.000000) (456.000000 -1256.000000 40.000000) 
4 103 128 (320.000000 -1200.000000 128.000000) (320.000000 -1200.000000 40.000000) (320.000000 -1280.000000 40.000000) (320.000000 -1280.000000 128.000000) 
4 104 116 (456.000000 -1200.000000 33.000000) (456.000000 -1200.000000 32.000000) (456.000000 -1207.000000 32.000000) (456.000000 -1207.000000 33.000000) 
4 104 115 (456.000000 -1200.000000 40.000000) (456.000000 -1200.000000 33.000000) (456.000000 -1224.000000 33.000000) (456.000000 -1224.000000 40.000000) 
4 104 111 (456.000000 -1200.000000 32.000000) (464.000000 -1200.000000 32.000000) (464.000000 -1208.000000 32.000000) (456.000000 -1208.000000 32.000000) 
3 104 106 (456.000000 -1224.000000 40.000000) (456.000000 -1224.000000 37.000000) (460.000000 -1224.000000 40.000000) 
3 104 105 (476.000000 -1224.000000 35.000000) (477.333333 -1224.000000 36.000000) (476.000000 -1224.000000 37.000000) 
3 104 107 (456.000000 -1224.000000 35.000000) (456.000000 -1224.000000 32.000000) (460.000000 -1224.000000 32.000000) 
4 104 108 (472.000000 -1224.000000 32.000000) (472.000000 -1200.000000 32.000000) (477.333333 -1200.000000 36.000000) (477.333333 -1224.000000 36.000000) 
4 105 108 (476.000000 -1224.000000 35.000000) (477.333333 -1224.000000 36.000000) (477.333333 -1256.000000 36.000000) (476.000000 -1256.000000 35.000000) 
3 105 109 (476.000000 -1256.000000 35.000000) (477.333333 -1256.000000 36.000000) (476.000000 -1256.000000 37.000000) 
4 106 115 (456.000000 -1256.000000 37.000000) (456.000000 -1256.000000 40.000000) (456.000000 -1224.000000 40.000000) (456.000000 -1224.000000 37.000000) 
3 106 109 (456.000000 -1256.000000 40.000000) (456.000000 -1256.000000 37.000000) (460.000000 -1256.000000 40.000000) 
4 107 115 (456.000000 -1256.000000 33.000000) (456.000000 -1256.000000 35.000000) (456.000000 -1224.000000 35.000000) (456.000000 -1224.000000 33.000000) 
3 107 109 (456.000000 -1256.000000 35.000000) (456.000000 -1256.000000 32.000000) (460.000000 -1256.000000 32.000000) 
4 108 110 (472.000000 -1200.000000 32.000000) (480.000000 -1200.000000 32.000000) (480.000000 -1208.000000 32.000000) (472.000000 -1208.000000 32.000000) 
4 108 109 (472.000000 -1256.000000 32.000000) (480.000000 -1256.000000 32.000000) (480.000000 -1256.000000 34.000000) (477.333333 -1256.000000 36.000000) 
4 109 124 (456.000000 -1273.000000 32.000000) (456.000000 -1280.000000 32.000000) (456.000000 -1280.000000 33.000000) (456.000000 -1273.000000 33.000000) 
4 109 115 (456.000000 -1280.000000 33.000000) (456.000000 -1280.000000 40.000000) (456.000000 -1256.000000 40.000000) (456.000000 -1256.000000 33.000000) 
4 109 113 (480.000000 -1272.000000 32.000000) (480.000000 -1280.000000 32.000000) (472.000000 -1280.000000 32.000000) (472.000000 -1272.000000 32.000000) 
4 109 114 (464.000000 -1280.000000 32.000000) (456.000000 -1280.000000 32.000000) (456.000000 -1272.000000 32.000000) (464.000000 -1272.000000 32.000000) 
4 110 112 (472.000000 -1208.000000 0.000000) (480.000000 -1208.000000 0.000000) (480.000000 -1208.000000 16.000000) (472.000000 -1208.000000 16.000000) 
4 111 116 (456.000000 -1200.000000 32.000000) (456.000000 -1200.000000 17.000000) (456.000000 -1207.000000 17.000000) (456.000000 -1207.000000 32.000000) 
4 111 117 (456.000000 -1200.000000 17.000000) (456.000000 -1200.000000 0.000000) (456.000000 -1208.000000 0.000000) (456.000000 -1208.000000 17.000000) 
4 111 112 (456.000000 -1208.000000 16.000000) (456.000000 -1208.000000 0.000000) (464.000000 -1208.000000 0.000000) (464.000000 -1208.000000 16.000000) 
4 112 122 (456.000000 -1208.000000 0.000000) (456.000000 -1272.000000 0.000000) (456.000000 -1272.000000 16.000000) (456.000000 -1208.000000 16.000000) 
4 112 113 (480.000000 -1272.000000 0.000000) (480.000000 -1272.000000 16.000000) (472.000000 -1272.000000 16.000000) (472.000000 -1272.000000 0.000000) 
4 112 114 (464.000000 -1272.000000 16.000000) (456.000000 -1272.000000 16.000000) (456.000000 -1272.000000 0.000000) (464.000000 -1272.000000 0.000000) 
4 114 123 (456.000000 -1272.000000 0.000000) (456.000000 -1273.000000 0.000000) (456.000000 -1273.000000 17.000000) (456.000000 -1272.000000 17.000000) 
4 114 124 (456.000000 -1273.000000 0.000000) (456.000000 -1280.000000 0.000000) (456.000000 -1280.000000 32.000000) (456.000000 -1273.000000 32.000000) 
4 115 136 (352.000000 -1280.000000 40.000000) (320.000000 -1280.000000 40.000000) (320.000000 -1280.000000 33.000000) (352.000000 -1280.000000 33.000000) 
4 115 126 (336.000000 -1280.000000 33.000000) (328.000000 -1280.000000 33.000000) (328.000000 -1272.000000 33.000000) (336.000000 -1272.000000 33.000000) 
4 115 127 (328.000000 -1280.000000 33.000000) (320.000000 -1280.000000 33.000000) (320.000000 -1272.000000 33.000000) (328.000000 -1272.000000 33.000000) 
4 115 125 (426.000000 -1280.000000 33.000000) (336.000000 -1280.000000 33.000000) (336.000000 -1272.000000 33.000000) (426.000000 -1272.000000 33.000000) 
4 115 124 (456.000000 -1273.000000 33.000000) (456.000000 -1280.000000 33.000000) (426.000000 -1280.000000 33.000000) (426.000000 -1273.000000 33.000000) 
4 115 121 (426.000000 -1272.000000 33.000000) (320.000000 -1272.000000 33.000000) (320.000000 -1208.000000 33.000000) (426.000000 -1208.000000 33.000000) 
4 115 119 (328.000000 -1200.000000 33.000000) (336.000000 -1200.000000 33.000000) (336.000000 -1208.000000 33.000000) (328.000000 -1208.000000 33.000000) 
4 115 118 (336.000000 -1200.000000 33.000000) (426.000000 -1200.000000 33.000000) (426.000000 -1208.000000 33.000000) (336.000000 -1208.000000 33.000000) 
4 115 120 (320.000000 -1200.000000 33.000000) (328.000000 -1200.000000 33.000000) (328.000000 -1208.000000 33.000000) (320.000000 -1208.000000 33.000000) 
4 115 116 (426.000000 -1200.000000 33.000000) (456.000000 -1200.000000 33.000000) (456.000000 -1207.000000 33.000000) (426.000000 -1207.000000 33.000000) 
4 115 128 (320.000000 -1200.000000 40.000000) (320.000000 -1200.000000 33.000000) (320.000000 -1280.000000 33.000000) (320.000000 -1280.000000 40.000000) 
4 116 118 (426.000000 -1200.000000 33.000000) (426.000000 -1200.000000 17.000000) (426.000000 -1207.000000 17.000000) (426.000000 -1207.000000 33.000000) 
4 116 117 (426.000000 -1207.000000 17.000000) (426.000000 -1200.000000 17.000000) (456.000000 -1200.000000 17.000000) (456.000000 -1207.000000 17.000000) 
4 117 122 (426.000000 -1208.000000 0.000000) (456.000000 -1208.000000 0.000000) (456.000000 -1208.000000 16.000000) (426.000000 -1208.000000 16.000000) 
4 117 118 (426.000000 -1200.000000 17.000000) (426.000000 -1200.000000 0.000000) (426.000000 -1208.000000 0.000000) (426.000000 -1208.000000 17.000000) 
4 118 122 (336.000000 -1208.000000 0.000000) (426.000000 -1208.000000 0.000000) (426.000000 -1208.000000 16.000000) (336.000000 -1208.000000 16.000000) 
4 118 121 (426.000000 -1208.000000 32.000000) (426.000000 -1208.000000 33.000000) (336.000000 -1208.000000 33.000000) (336.000000 -1208.000000 32.000000) 
4 118 119 (336.000000 -1200.000000 33.000000) (336.000000 -1200.000000 32.000000) (336.000000 -1208.000000 32.000000) (336.000000 -1208.000000 33.000000) 
4 119 121 (336.000000 -1208.000000 32.000000) (336.000000 -1208.000000 33.000000) (328.000000 -1208.000000 33.000000) (328.000000 -1208.000000 32.000000) 
4 119 120 (328.000000 -1208.000000 32.000000) (328.000000 -1208.000000 33.000000) (328.000000 -1200.000000 33.000000) (328.000000 -1200.000000 32.000000) 
4 120 122 (320.000000 -1208.000000 0.000000) (328.000000 -1208.000000 0.000000) (328.000000 -1208.000000 16.000000) (320.000000 -1208.000000 16.000000) 
4 120 121 (328.000000 -1208.000000 32.000000) (328.000000 -1208.000000 33.000000) (320.000000 -1208.000000 33.000000) (320.000000 -1208.000000 32.000000) 
4 120 128 (320.000000 -1200.000000 33.000000) (320.000000 -1200.000000 0.000000) (320.000000 -1208.000000 0.000000) (320.000000 -1208.000000 33.000000) 
4 121 126 (328.000000 -1272.000000 32.000000) (336.000000 -1272.000000 32.000000) (336.000000 -1272.000000 33.000000) (328.000000 -1272.000000 33.000000) 
4 121 127 (320.000000 -1272.000000 33.000000) (320.000000 -1272.000000 32.000000) (328.000000 -1272.000000 32.000000) (328.000000 -1272.000000 33.000000) 
4 121 125 (336.000000 -1272.000000 32.000000) (426.000000 -1272.000000 32.000000) (426.000000 -1272.000000 33.000000) (336.000000 -1272.000000 33.000000) 
4 121 128 (320.000000 -1272.000000 32.000000) (320.000000 -1272.000000 33.000000) (320.000000 -1208.000000 33.000000) (320.000000 -1208.000000 32.000000) 
4 122 127 (320.000000 -1272.000000 16.000000) (320.000000 -1272.000000 0.000000) (328.000000 -1272.000000 0.000000) (328.000000 -1272.000000 16.000000) 
4 122 125 (336.000000 -1272.000000 0.000000) (426.000000 -1272.000000 0.000000) (426.000000 -1272.000000 16.000000) (336.000000 -1272.000000 16.000000) 
4 122 123 (426.000000 -1272.000000 0.000000) (456.000000 -1272.000000 0.000000) (456.000000 -1272.000000 16.000000) (426.000000 -1272.000000 16.000000) 
4 122 128 (320.000000 -1208.000000 0.000000) (320.000000 -1272.000000 0.000000) (320.000000 -1272.000000 16.000000) (320.000000 -1208.000000 16.000000) 
4 123 125 (426.000000 -1272.000000 17.000000) (426.000000 -1272.000000 0.000000) (426.000000 -1273.000000 0.000000) (426.000000 -1273.000000 17.000000) 
4 123 124 (426.000000 -1273.000000 0.000000) (456.000000 -1273.000000 0.000000) (456.000000 -1273.000000 17.000000) (426.000000 -1273.000000 17.000000) 
4 124 125 (426.000000 -1273.000000 0.000000) (426.000000 -1280.000000 0.000000) (426.000000 -1280.000000 33.000000) (426.000000 -1273.000000 33.000000) 
4 125 136 (336.000000 -1280.000000 0.000000) (352.000000 -1280.000000 0.000000) (352.000000 -1280.000000 33.000000) (336.000000 -1280.000000 33.000000) 
4 125 126 (336.000000 -1280.000000 32.000000) (336.000000 -1280.000000 33.000000) (336.000000 -1272.000000 33.000000) (336.000000 -1272.000000 32.000000) 
4 126 136 (336.000000 -1280.000000 32.000000) (336.000000 -1280.000000 33.000000) (328.000000 -1280.000000 33.000000) (328.000000 -1280.000000 32.000000) 
4 126 127 (328.000000 -1272.000000 33.000000) (328.000000 -1272.000000 32.000000) (328.000000 -1280.000000 32.000000) (328.000000 -1280.000000 33.000000) 
4 127 136 (320.000000 -1280.000000 0.000000) (328.000000 -1280.000000 0.000000) (328.000000 -1280.000000 33.000000) (320.000000 -1280.000000 33.000000) 
4 127 128 (320.000000 -1272.000000 0.000000) (320.000000 -1280.000000 0.000000) (320.000000 -1280.000000 33.000000) (320.000000 -1272.000000 33.000000) 
4 128 136 (192.000000 -1280.000000 0.000000) (320.000000 -1280.000000 0.000000) (320.000000 -1280.000000 96.000000) (192.000000 -1280.000000 96.000000) 
4 128 135 (32.000000 -1247.000000 128.000000) (32.000000 -1216.000000 128.000000) (32.000000 -1216.000000 0.000000) (32.000000 -1247.000000 0.000000) 
4 128 133 (32.000000 -1216.000000 128.000000) (32.000000 -1200.000000 128.000000) (32.000000 -1200.000000 32.000000) (32.000000 -1216.000000 32.000000) 
4 128 134 (32.000000 -1200.000000 32.000000) (32.000000 -1200.000000 0.000000) (32.000000 -1216.000000 0.000000) (32.000000 -1216.000000 32.000000) 
4 129 132 (1.000000 -1024.000000 32.000000) (32.000000 -1024.000000 32.000000) (32.000000 -1024.000000 128.000000) (1.000000 -1024.000000 128.000000) 
4 129 130 (1.000000 -896.000000 128.000000) (1.000000 -896.000000 32.000000) (1.000000 -928.000000 32.000000) (1.000000 -928.000000 128.000000) 
4 129 131 (1.000000 -896.000000 32.000000) (32.000000 -896.000000 32.000000) (32.000000 -1024.000000 32.000000) (1.000000 -1024.000000 32.000000) 
4 130 131 (0.000000 -928.000000 32.000000) (0.000000 -896.000000 32.000000) (1.000000 -896.000000 32.000000) (1.000000 -928.000000 32.000000) 
4 131 132 (0.000000 -1024.000000 32.000000) (-0.000000 -1024.000000 0.000000) (32.000000 -1024.000000 0.000000) (32.000000 -1024.000000 32.000000) 
4 132 133 (1.000000 -1056.000000 32.000000) (32.000000 -1056.000000 32.000000) (32.000000 -1056.000000 128.000000) (1.000000 -1056.000000 128.000000) 
4 132 134 (0.000000 -1056.000000 32.000000) (-0.000000 -1056.000000 0.000000) (32.000000 -1056.000000 0.000000) (32.000000 -1056.000000 32.000000) 
4 133 135 (32.000000 -1216.000000 128.000000) (1.000000 -1216.000000 128.000000) (1.000000 -1216.000000 32.000000) (32.000000 -1216.000000 32.000000) 
4 133 134 (32.000000 -1216.000000 32.000000) (1.000000 -1216.000000 32.000000) (1.000000 -1056.000000 32.000000) (32.000000 -1056.000000 32.000000) 
4 134 135 (0.000000 -1216.000000 32.000000) (0.000000 -1216.000000 0.000000) (32.000000 -1216.000000 0.000000) (32.000000 -1216.000000 32.000000) 
4 137 153 (-32.000000 -896.000000 544.000000) (-32.000000 -896.000000 160.000000) (-32.000000 -1312.000000 160.000000) (-32.000000 -1312.000000 544.000000) 
4 137 140 (-32.000000 -1312.000000 544.000000) (-32.000000 -1312.000000 160.000000) (0.000000 -1312.000000 160.000000) (-0.000000 -1312.000000 544.000000) 
4 138 144 (368.000000 -1312.000000 -16.000000) (480.000000 -1312.000000 -16.000000) (480.000000 -1360.000000 -16.000000) (368.000000 -1360.000000 -16.000000) 
4 138 141 (480.000000 -1360.000000 -16.000000) (480.000000 -1360.000000 544.000000) (368.000000 -1360.000000 544.000000) (368.000000 -1360.000000 -16.000000) 
4 138 139 (368.000000 -1360.000000 112.000000) (368.000000 -1360.000000 544.000000) (368.000000 -1312.000000 544.000000) (368.000000 -1312.000000 112.000000) 
4 139 141 (368.000000 -1360.000000 544.000000) (176.000000 -1360.000000 544.000000) (176.000000 -1360.000000 112.000000) (368.000000 -1360.000000 112.000000) 
4 139 140 (176.000000 -1312.000000 544.000000) (176.000000 -1312.000000 112.000000) (176.000000 -1360.000000 112.000000) (176.000000 -1360.000000 544.000000) 
4 140 156 (-32.000000 -1312.000000 -16.000000) (-32.000000 -1360.000000 -16.000000) (-32.000000 -1360.000000 544.000000) (-32.000000 -1312.000000 544.000000) 
4 140 144 (-32.000000 -1360.000000 -16.000000) (-32.000000 -1312.000000 -16.000000) (176.000000 -1312.000000 -16.000000) (176.000000 -1360.000000 -16.000000) 
4 140 141 (176.000000 -1360.000000 544.000000) (-32.000000 -1360.000000 544.000000) (-32.000000 -1360.000000 -16.000000) (176.000000 -1360.000000 -16.000000) 
4 141 156 (-32.000000 -1360.000000 -16.000000) (-32.000000 -1661.630000 -16.000000) (-32.000000 -1661.630000 544.000000) (-32.000000 -1360.000000 544.000000) 
4 141 144 (-32.000000 -1661.630000 -16.000000) (-32.000000 -1360.000000 -16.000000) (480.000000 -1360.000000 -16.000000) (480.000000 -1661.630000 -16.000000) 
4 142 157 (-32.000000 -1661.630000 -16.000000) (-32.000000 -1696.000000 -16.000000) (-32.000000 -1696.000000 544.000000) (-32.000000 -1661.630000 544.000000) 
4 142 145 (-32.000000 -1696.000000 -16.000000) (-32.000000 -1661.630000 -16.000000) (480.000000 -1661.630000 -16.000000) (480.000000 -1696.000000 -16.000000) 
4 143 155 (-32.000000 -896.000000 -64.000000) (-32.000000 -896.000000 -480.000000) (-32.000000 -1312.000000 -480.000000) (-32.000000 -1312.000000 -64.000000) 
4 143 144 (-32.000000 -1312.000000 -64.000000) (-32.000000 -1312.000000 -480.000000) (480.000000 -1312.000000 -480.000000) (480.000000 -1312.000000 -64.000000) 
4 144 156 (-32.000000 -1661.630000 -16.000000) (-32.000000 -1312.000000 -16.000000) (-32.000000 -1312.000000 -480.000000) (-32.000000 -1661.630000 -480.000000) 
4 145 157 (-32.000000 -1696.000000 -16.000000) (-32.000000 -1661.630000 -16.000000) (-32.000000 -1661.630000 -480.000000) (-32.000000 -1696.000000 -480.000000) 
4 145 146 (-32.000000 -1696.000000 -480.000000) (-32.000000 -1661.630000 -480.000000) (480.000000 -1661.630000 -480.000000) (480.000000 -1696.000000 -480.000000) 
4 146 159 (-32.000000 -896.000000 -480.000000) (-32.000000 -896.000000 -512.000000) (-32.000000 -1696.000000 -512.000000) (-32.000000 -1696.000000 -480.000000) 
4 147 152 (-32.000000 -512.000000 544.000000) (-32.000000 -512.000000 576.000000) (-768.000000 -512.000000 576.000000) (-768.000000 -512.000000 544.000000) 
4 147 148 (-708.000000 125.630000 544.000000) (-708.000000 160.000000 544.000000) (-32.000000 160.000000 544.000000) (-32.000000 125.630000 544.000000) 
4 147 150 (-708.000000 -512.000000 544.000000) (-768.000000 -512.000000 544.000000) (-768.000000 160.000000 544.000000) (-708.000000 160.000000 544.000000) 
4 148 150 (-708.000000 160.000000 544.000000) (-708.000000 160.000000 -480.000000) (-708.000000 125.630000 -480.000000) (-708.000000 125.630000 544.000000) 
4 148 151 (-708.000000 125.630000 -480.000000) (-708.000000 160.000000 -480.000000) (-32.000000 160.000000 -480.000000) (-32.000000 125.630000 -480.000000) 
4 149 153 (-32.000000 -512.000000 160.000000) (-32.000000 -512.000000 544.000000) (-64.000000 -512.000000 544.000000) (-64.000000 -512.000000 160.000000) 
4 149 154 (-64.000000 -512.000000 544.000000) (-708.000000 -512.000000 544.000000) (-708.000000 -512.000000 -64.000000) (-64.000000 -512.000000 -64.000000) 
4 149 155 (-32.000000 -512.000000 -480.000000) (-32.000000 -512.000000 -64.000000) (-708.000000 -512.000000 -64.000000) (-708.000000 -512.000000 -480.000000) 
4 150 158 (-708.000000 -512.000000 544.000000) (-768.000000 -512.000000 544.000000) (-768.000000 -512.000000 -480.000000) (-708.000000 -512.000000 -480.000000) 
4 150 151 (-708.000000 -512.000000 -480.000000) (-768.000000 -512.000000 -480.000000) (-768.000000 160.000000 -480.000000) (-708.000000 160.000000 -480.000000) 
4 151 159 (-32.000000 -512.000000 -512.000000) (-32.000000 -512.000000 -480.000000) (-768.000000 -512.000000 -480.000000) (-768.000000 -512.000000 -512.000000) 
4 152 157 (-32.000000 -1661.630000 544.000000) (-32.000000 -1696.000000 544.000000) (-708.000000 -1696.000000 544.000000) (-708.000000 -1661.630000 544.000000) 
4 152 158 (-768.000000 -1696.000000 544.000000) (-768.000000 -512.000000 544.000000) (-708.000000 -512.000000 544.000000) (-708.000000 -1696.000000 544.000000) 
4 153 156 (-32.000000 -1312.000000 160.000000) (-32.000000 -1312.000000 544.000000) (-64.000000 -1312.000000 544.000000) (-64.000000 -1312.000000 160.000000) 
4 153 154 (-64.000000 -1312.000000 160.000000) (-64.000000 -1312.000000 544.000000) (-64.000000 -512.000000 544.000000) (-64.000000 -512.000000 160.000000) 
4 154 156 (-64.000000 -1312.000000 544.000000) (-708.000000 -1312.000000 544.000000) (-708.000000 -1312.000000 -64.000000) (-64.000000 -1312.000000 -64.000000) 
4 154 155 (-708.000000 -1312.000000 -64.000000) (-708.000000 -512.000000 -64.000000) (-64.000000 -512.000000 -64.000000) (-64.000000 -1312.000000 -64.000000) 
4 155 156 (-708.000000 -1312.000000 -480.000000) (-32.000000 -1312.000000 -480.000000) (-32.000000 -1312.000000 -64.000000) (-708.000000 -1312.000000 -64.000000) 
4 157 159 (-32.000000 -1661.630000 -480.000000) (-32.000000 -1696.000000 -480.000000) (-708.000000 -1696.000000 -480.000000) (-708.000000 -1661.630000 -480.000000) 
4 157 158 (-708.000000 -1661.630000 -480.000000) (-708.000000 -1696.000000 -480.000000) (-708.000000 -1696.000000 544.000000) (-708.000000 -1661.630000 544.000000) 
4 158 159 (-768.000000 -1696.000000 -480.000000) (-768.000000 -512.000000 -480.000000) (-708.000000 -512.000000 -480.000000) (-708.000000 -1696.000000 -480.000000) 
