162
463
1
1
1
1
1
1
1
1
1
1
1
1
1
1
1
1
1
1
1
1
1
1
1
1
1
1
1
1
1
1
1
1
1
1
1
1
1
1
1
1
1
1
1
1
1
1
1
1
1
1
1
1
1
1
1
1
1
1
1
1
1
1
1
1
1
1
1
1
1
1
1
1
1
1
1
1
1
1
1
1
1
1
1
1
1
1
1
1
1
1
1
1
1
1
1
1
1
1
1
1
1
1
1
1
1
1
1
1
1
1
1
1
1
1
1
1
1
1
1
1
1
1
1
1
1
1
1
1
1
1
1
1
1
1
1
1
1
1
1
1
1
1
1
1
1
1
1
1
1
1
1
1
1
1
1
1
1
1
1
1
1
1
4 0 115 (1088.000000 -288.000000 409.600000) (1088.000000 -288.000000 448.000000) (320.000000 -288.000000 448.000000) (320.000000 -288.000000 409.600000) 
4 0 5 (320.000000 -288.000000 409.600000) (320.000000 -288.000000 448.000000) (320.000000 576.000000 448.000000) (320.000000 576.000000 409.600000) 
4 0 2 (320.000000 544.000000 409.600000) (320.000000 576.000000 409.600000) (1021.830000 576.000000 409.600000) (1021.830000 544.000000 409.600000) 
4 0 1 (1088.000000 -288.000000 409.600000) (1021.830000 -288.000000 409.600000) (1021.830000 576.000000 409.600000) (1088.000000 576.000000 409.600000) 
4 1 116 (1088.000000 -288.000000 -473.600000) (1088.000000 -288.000000 409.600000) (1021.830000 -288.000000 409.600000) (1021.830000 -288.000000 -473.600000) 
4 1 2 (1021.830000 576.000000 409.600000) (1021.830000 576.000000 -473.600000) (1021.830000 544.000000 -473.600000) (1021.830000 544.000000 409.600000) 
4 1 4 (1088.000000 -288.000000 -473.600000) (1021.830000 -288.000000 -473.600000) (1021.830000 576.000000 -473.600000) (1088.000000 576.000000 -473.600000) 
4 2 6 (320.000000 544.000000 409.600000) (320.000000 576.000000 409.600000) (320.000000 576.000000 -473.600000) (320.000000 544.000000 -473.600000) 
4 2 4 (320.000000 544.000000 -473.600000) (320.000000 576.000000 -473.600000) (1021.830000 576.000000 -473.600000) (1021.830000 544.000000 -473.600000) 
4 3 118 (800.000000 -288.000000 -32.000000) (1021.830000 -288.000000 -32.000000) (1021.830000 -288.000000 192.000000) (800.000000 -288.000000 192.000000) 
4 3 121 (320.000000 -288.000000 -32.000000) (320.000000 -288.000000 -473.600000) (1021.830000 -288.000000 -473.600000) (1021.830000 -288.000000 -32.000000) 
4 3 117 (1021.830000 -288.000000 409.600000) (320.000000 -288.000000 409.600000) (320.000000 -288.000000 192.000000) (1021.830000 -288.000000 192.000000) 
4 3 113 (320.000000 -288.000000 -473.600000) (320.000000 -288.000000 -32.000000) (320.000000 320.000000 -32.000000) (320.000000 320.000000 -473.600000) 
4 3 8 (320.000000 -288.000000 192.000000) (320.000000 -288.000000 409.600000) (320.000000 320.000000 409.600000) (320.000000 320.000000 192.000000) 
4 3 7 (320.000000 320.000000 409.600000) (320.000000 544.000000 409.600000) (320.000000 544.000000 -473.600000) (320.000000 320.000000 -473.600000) 
4 4 124 (1088.000000 -288.000000 -512.000000) (1088.000000 -288.000000 -473.600000) (320.000000 -288.000000 -473.600000) (320.000000 -288.000000 -512.000000) 
4 4 114 (320.000000 -288.000000 -512.000000) (320.000000 -288.000000 -473.600000) (320.000000 576.000000 -473.600000) (320.000000 576.000000 -512.000000) 
4 5 136 (-352.000000 -288.000000 409.600000) (-352.000000 -288.000000 448.000000) (-352.000000 576.000000 448.000000) (-352.000000 576.000000 409.600000) 
4 5 125 (288.000000 -288.000000 448.000000) (-352.000000 -288.000000 448.000000) (-352.000000 -288.000000 409.600000) (288.000000 -288.000000 409.600000) 
4 5 115 (320.000000 -288.000000 409.600000) (320.000000 -288.000000 448.000000) (288.000000 -288.000000 448.000000) (288.000000 -288.000000 409.600000) 
4 5 6 (-352.000000 544.000000 409.600000) (-352.000000 576.000000 409.600000) (320.000000 576.000000 409.600000) (320.000000 544.000000 409.600000) 
4 6 137 (-352.000000 544.000000 409.600000) (-352.000000 576.000000 409.600000) (-352.000000 576.000000 -473.600000) (-352.000000 544.000000 -473.600000) 
4 6 114 (-352.000000 544.000000 -473.600000) (-352.000000 576.000000 -473.600000) (320.000000 576.000000 -473.600000) (320.000000 544.000000 -473.600000) 
4 7 138 (-352.000000 320.000000 409.600000) (-352.000000 544.000000 409.600000) (-352.000000 544.000000 -473.600000) (-352.000000 320.000000 -473.600000) 
4 7 113 (320.000000 320.000000 -473.600000) (320.000000 320.000000 -32.000000) (-352.000000 320.000000 -32.000000) (-352.000000 320.000000 -473.600000) 
4 7 8 (320.000000 320.000000 192.000000) (320.000000 320.000000 409.600000) (-352.000000 320.000000 409.600000) (-352.000000 320.000000 192.000000) 
4 8 139 (-352.000000 -288.000000 192.000000) (-352.000000 -288.000000 409.600000) (-352.000000 320.000000 409.600000) (-352.000000 320.000000 192.000000) 
4 8 126 (288.000000 -288.000000 409.600000) (-352.000000 -288.000000 409.600000) (-352.000000 -288.000000 192.000000) (288.000000 -288.000000 192.000000) 
4 8 117 (320.000000 -288.000000 192.000000) (320.000000 -288.000000 409.600000) (288.000000 -288.000000 409.600000) (288.000000 -288.000000 192.000000) 
4 9 37 (258.000000 259.822000 51.000000) (258.000000 259.822000 160.000000) (258.000000 263.351757 160.000000) (258.000000 263.351757 51.000000) 
4 9 29 (258.551000 265.408000 51.000000) (259.845000 270.237000 51.000000) (263.708000 269.202000 51.000000) (262.414000 264.372000 51.000000) 
5 9 28 (259.845000 270.237000 51.000000) (264.604851 288.000000 51.000000) (266.000000 288.000000 51.000000) (266.000000 277.757147 51.000000) (263.708000 269.202000 51.000000) 
5 9 30 (258.000000 259.822000 51.000000) (258.000000 263.351757 51.000000) (258.551000 265.408000 51.000000) (262.414000 264.372000 51.000000) (261.195014 259.822000 51.000000) 
3 9 27 (266.000000 277.757147 51.000000) (266.000000 259.822000 51.000000) (261.195014 259.822000 51.000000) 
4 9 12 (286.000000 282.822000 51.000000) (286.000000 281.822000 51.000000) (283.000000 281.822000 51.000000) (283.000000 282.822000 51.000000) 
4 9 11 (269.000000 288.000000 51.000000) (286.000000 288.000000 51.000000) (286.000000 282.822000 51.000000) (269.000000 282.822000 51.000000) 
4 9 13 (266.000000 288.000000 51.000000) (269.000000 288.000000 51.000000) (269.000000 281.822000 51.000000) (266.000000 281.822000 51.000000) 
4 9 14 (286.000000 281.822000 51.000000) (286.000000 259.822000 51.000000) (266.000000 259.822000 51.000000) (266.000000 281.822000 51.000000) 
4 9 10 (286.000000 288.000000 51.000000) (288.000000 288.000000 51.000000) (288.000000 259.822000 51.000000) (286.000000 259.822000 51.000000) 
4 9 31 (288.000000 259.822000 51.000000) (288.000000 259.822000 160.000000) (258.000000 259.822000 160.000000) (258.000000 259.822000 51.000000) 
4 9 32 (264.604851 288.000000 160.000000) (264.604851 288.000000 51.000000) (258.000000 263.351757 51.000000) (258.000000 263.351757 160.000000) 
4 10 85 (286.000000 288.000000 36.000000) (288.000000 288.000000 36.000000) (288.000000 259.822000 36.000000) (286.000000 259.822000 36.000000) 
4 10 18 (286.000000 271.822000 36.000000) (286.000000 259.822000 36.000000) (286.000000 259.822000 40.000000) (286.000000 271.822000 40.000000) 
4 10 16 (286.000000 288.000000 40.000000) (286.000000 288.000000 36.000000) (286.000000 280.822000 36.000000) (286.000000 280.822000 40.000000) 
4 10 15 (286.000000 288.000000 42.000000) (286.000000 288.000000 40.000000) (286.000000 259.822000 40.000000) (286.000000 259.822000 42.000000) 
4 10 12 (286.000000 280.745077 42.000000) (286.000000 279.745077 42.000000) (286.000000 281.822000 51.000000) (286.000000 282.822000 51.000000) 
4 10 11 (286.000000 288.000000 51.000000) (286.000000 288.000000 42.000000) (286.000000 280.745077 42.000000) (286.000000 282.822000 51.000000) 
4 10 14 (286.000000 279.745077 42.000000) (286.000000 259.822000 42.000000) (286.000000 259.822000 51.000000) (286.000000 281.822000 51.000000) 
4 10 31 (286.000000 259.822000 36.000000) (288.000000 259.822000 36.000000) (288.000000 259.822000 51.000000) (286.000000 259.822000 51.000000) 
4 11 16 (269.000000 288.000000 42.000000) (285.000000 288.000000 42.000000) (285.000000 280.822000 42.000000) (269.000000 280.822000 42.000000) 
4 11 15 (285.000000 288.000000 42.000000) (286.000000 288.000000 42.000000) (286.000000 280.745077 42.000000) (285.000000 280.745077 42.000000) 
4 11 12 (283.000000 280.745077 42.000000) (286.000000 280.745077 42.000000) (286.000000 282.822000 51.000000) (283.000000 282.822000 51.000000) 
4 11 13 (269.000000 288.000000 51.000000) (269.000000 288.000000 42.000000) (269.000000 280.745077 42.000000) (269.000000 282.822000 51.000000) 
4 12 15 (286.000000 280.745077 42.000000) (286.000000 279.745077 42.000000) (285.000000 279.745077 42.000000) (285.000000 280.745077 42.000000) 
4 12 14 (283.000000 279.745077 42.000000) (286.000000 279.745077 42.000000) (286.000000 281.822000 51.000000) (283.000000 281.822000 51.000000) 
4 13 28 (266.000000 281.822000 51.000000) (266.000000 288.000000 51.000000) (266.000000 288.000000 42.000000) (266.000000 279.745077 42.000000) 
4 13 16 (267.000000 288.000000 42.000000) (269.000000 288.000000 42.000000) (269.000000 280.822000 42.000000) (267.000000 280.822000 42.000000) 
4 13 26 (266.000000 288.000000 42.000000) (267.000000 288.000000 42.000000) (267.000000 279.745077 42.000000) (266.000000 279.745077 42.000000) 
4 13 14 (266.000000 281.822000 51.000000) (266.000000 279.745077 42.000000) (269.000000 279.745077 42.000000) (269.000000 281.822000 51.000000) 
4 14 28 (266.000000 277.757147 51.000000) (266.000000 281.822000 51.000000) (266.000000 279.745077 42.000000) (266.000000 277.757147 42.000000) 
4 14 27 (266.000000 259.822000 51.000000) (266.000000 277.757147 51.000000) (266.000000 277.757147 42.000000) (266.000000 259.822000 42.000000) 
4 14 25 (269.000000 259.822000 42.000000) (267.000000 259.822000 42.000000) (267.000000 272.822000 42.000000) (269.000000 272.822000 42.000000) 
4 14 20 (269.000000 271.822000 42.000000) (269.000000 272.822000 42.000000) (283.000000 272.822000 42.000000) (283.000000 271.822000 42.000000) 
4 14 21 (283.000000 259.822000 42.000000) (269.000000 259.822000 42.000000) (269.000000 271.822000 42.000000) (283.000000 271.822000 42.000000) 
4 14 19 (269.000000 277.822000 42.000000) (269.000000 279.745077 42.000000) (283.000000 279.745077 42.000000) (283.000000 277.822000 42.000000) 
4 14 17 (283.000000 271.822000 42.000000) (283.000000 272.822000 42.000000) (285.000000 272.822000 42.000000) (285.000000 271.822000 42.000000) 
4 14 18 (285.000000 259.822000 42.000000) (283.000000 259.822000 42.000000) (283.000000 271.822000 42.000000) (285.000000 271.822000 42.000000) 
4 14 26 (267.000000 259.822000 42.000000) (266.000000 259.822000 42.000000) (266.000000 279.745077 42.000000) (267.000000 279.745077 42.000000) 
4 14 15 (286.000000 279.745077 42.000000) (286.000000 259.822000 42.000000) (285.000000 259.822000 42.000000) (285.000000 279.745077 42.000000) 
4 14 31 (286.000000 259.822000 42.000000) (286.000000 259.822000 51.000000) (266.000000 259.822000 51.000000) (266.000000 259.822000 42.000000) 
3 15 17 (285.000000 271.822000 42.000000) (285.000000 272.822000 42.000000) (286.000000 271.822000 40.000000) 
4 15 18 (285.000000 259.822000 42.000000) (285.000000 271.822000 42.000000) (286.000000 271.822000 40.000000) (286.000000 259.822000 40.000000) 
4 15 16 (285.000000 280.822000 42.000000) (285.000000 288.000000 42.000000) (286.000000 288.000000 40.000000) (286.000000 280.822000 40.000000) 
3 15 31 (286.000000 259.822000 40.000000) (286.000000 259.822000 42.000000) (285.000000 259.822000 42.000000) 
4 16 86 (266.000000 288.000000 36.000000) (286.000000 288.000000 36.000000) (286.000000 287.822000 36.000000) (266.000000 287.822000 36.000000) 
4 16 28 (266.000000 288.000000 40.000000) (266.000000 288.000000 36.000000) (266.000000 280.822000 36.000000) (266.000000 280.822000 40.000000) 
4 16 26 (267.000000 280.822000 42.000000) (267.000000 288.000000 42.000000) (266.000000 288.000000 40.000000) (266.000000 280.822000 40.000000) 
3 17 20 (283.000000 271.822000 40.000000) (283.000000 271.822000 42.000000) (283.000000 272.822000 42.000000) 
4 17 18 (286.000000 271.822000 40.000000) (285.000000 271.822000 42.000000) (283.000000 271.822000 42.000000) (283.000000 271.822000 40.000000) 
4 18 23 (283.000000 259.822000 37.000000) (283.000000 259.822000 38.000000) (283.000000 271.822000 38.000000) (283.000000 271.822000 37.000000) 
4 18 21 (283.000000 259.822000 39.000000) (283.000000 259.822000 42.000000) (283.000000 271.822000 42.000000) (283.000000 271.822000 39.000000) 
4 18 22 (283.000000 259.822000 38.000000) (283.000000 259.822000 39.000000) (283.000000 271.822000 39.000000) (283.000000 271.822000 38.000000) 
5 18 31 (283.000000 259.822000 36.000000) (286.000000 259.822000 36.000000) (286.000000 259.822000 40.000000) (285.000000 259.822000 42.000000) (283.000000 259.822000 42.000000) 
4 19 23 (269.000000 277.822000 38.000000) (269.000000 278.822000 38.000000) (283.000000 278.822000 38.000000) (283.000000 277.822000 38.000000) 
4 19 22 (269.000000 277.822000 39.000000) (269.000000 277.822000 38.000000) (283.000000 277.822000 38.000000) (283.000000 277.822000 39.000000) 
3 20 25 (269.000000 271.822000 42.000000) (269.000000 272.822000 42.000000) (269.000000 271.822000 40.000000) 
4 20 21 (269.000000 271.822000 42.000000) (269.000000 271.822000 40.000000) (283.000000 271.822000 40.000000) (283.000000 271.822000 42.000000) 
3 21 24 (269.000000 271.822000 40.000000) (269.000000 271.822000 39.000000) (269.000000 271.322000 39.000000) 
5 21 25 (269.000000 259.822000 39.000000) (269.000000 259.822000 42.000000) (269.000000 271.822000 42.000000) (269.000000 271.822000 40.000000) (269.000000 271.322000 39.000000) 
4 21 22 (283.000000 259.822000 39.000000) (269.000000 259.822000 39.000000) (269.000000 271.822000 39.000000) (283.000000 271.822000 39.000000) 
4 21 31 (283.000000 259.822000 39.000000) (283.000000 259.822000 42.000000) (269.000000 259.822000 42.000000) (269.000000 259.822000 39.000000) 
4 22 24 (269.000000 271.822000 38.000000) (269.000000 270.822000 38.000000) (269.000000 271.322000 39.000000) (269.000000 271.822000 39.000000) 
4 22 25 (269.000000 270.822000 38.000000) (269.000000 259.822000 38.000000) (269.000000 259.822000 39.000000) (269.000000 271.322000 39.000000) 
4 22 23 (283.000000 259.822000 38.000000) (269.000000 259.822000 38.000000) (269.000000 277.822000 38.000000) (283.000000 277.822000 38.000000) 
4 22 31 (283.000000 259.822000 38.000000) (283.000000 259.822000 39.000000) (269.000000 259.822000 39.000000) (269.000000 259.822000 38.000000) 
4 23 24 (269.000000 271.822000 37.000000) (269.000000 270.322000 37.000000) (269.000000 270.822000 38.000000) (269.000000 271.822000 38.000000) 
4 23 25 (269.000000 270.322000 37.000000) (269.000000 259.822000 37.000000) (269.000000 259.822000 38.000000) (269.000000 270.822000 38.000000) 
4 23 31 (283.000000 259.822000 37.000000) (283.000000 259.822000 38.000000) (269.000000 259.822000 38.000000) (269.000000 259.822000 37.000000) 
3 24 27 (266.000000 271.822000 36.000000) (266.000000 269.822000 36.000000) (266.000000 271.822000 40.000000) 
4 24 25 (269.000000 269.822000 36.000000) (269.000000 271.822000 40.000000) (266.000000 271.822000 40.000000) (266.000000 269.822000 36.000000) 
4 25 27 (266.000000 269.822000 36.000000) (266.000000 259.822000 36.000000) (266.000000 259.822000 40.000000) (266.000000 271.822000 40.000000) 
4 25 26 (266.000000 259.822000 40.000000) (267.000000 259.822000 42.000000) (267.000000 272.822000 42.000000) (266.000000 271.822000 40.000000) 
5 25 31 (266.000000 259.822000 36.000000) (269.000000 259.822000 36.000000) (269.000000 259.822000 42.000000) (267.000000 259.822000 42.000000) (266.000000 259.822000 40.000000) 
4 26 28 (266.000000 288.000000 42.000000) (266.000000 288.000000 40.000000) (266.000000 277.757147 40.000000) (266.000000 277.757147 42.000000) 
4 26 27 (266.000000 277.757147 40.000000) (266.000000 259.822000 40.000000) (266.000000 259.822000 42.000000) (266.000000 277.757147 42.000000) 
3 26 31 (267.000000 259.822000 42.000000) (266.000000 259.822000 42.000000) (266.000000 259.822000 40.000000) 
4 27 29 (262.414000 264.372000 43.000000) (262.414000 264.372000 51.000000) (263.708000 269.202000 51.000000) (263.708000 269.202000 43.000000) 
4 27 28 (266.000000 277.757147 51.000000) (266.000000 277.757147 36.000000) (263.708000 269.202000 36.000000) (263.708000 269.202000 51.000000) 
4 27 30 (262.414000 264.372000 36.000000) (261.195014 259.822000 36.000000) (261.195014 259.822000 51.000000) (262.414000 264.372000 51.000000) 
4 27 31 (261.195014 259.822000 36.000000) (266.000000 259.822000 36.000000) (266.000000 259.822000 51.000000) (261.195014 259.822000 51.000000) 
4 28 86 (264.604851 288.000000 36.000000) (266.000000 288.000000 36.000000) (266.000000 287.822000 36.000000) (264.557154 287.822000 36.000000) 
4 28 29 (259.845000 270.237000 51.000000) (259.845000 270.237000 43.000000) (263.708000 269.202000 43.000000) (263.708000 269.202000 51.000000) 
4 28 32 (264.604851 288.000000 51.000000) (264.604851 288.000000 36.000000) (259.845000 270.237000 36.000000) (259.845000 270.237000 51.000000) 
4 29 32 (258.551000 265.408000 43.000000) (258.551000 265.408000 51.000000) (259.845000 270.237000 51.000000) (259.845000 270.237000 43.000000) 
4 29 30 (262.414000 264.372000 51.000000) (258.551000 265.408000 51.000000) (258.551000 265.408000 43.000000) (262.414000 264.372000 43.000000) 
4 30 56 (258.000000 263.351757 36.000000) (258.000000 259.822000 36.000000) (258.000000 259.822000 37.000000) (258.000000 263.351757 37.000000) 
4 30 37 (258.000000 259.822000 37.000000) (258.000000 259.822000 51.000000) (258.000000 263.351757 51.000000) (258.000000 263.351757 37.000000) 
4 30 31 (258.000000 259.822000 36.000000) (261.195014 259.822000 36.000000) (261.195014 259.822000 51.000000) (258.000000 259.822000 51.000000) 
4 30 32 (258.551000 265.408000 36.000000) (258.000000 263.351757 36.000000) (258.000000 263.351757 51.000000) (258.551000 265.408000 51.000000) 
4 31 85 (288.000000 259.822000 36.000000) (288.000000 258.822000 36.000000) (286.000000 258.822000 36.000000) (286.000000 259.822000 36.000000) 
4 31 60 (258.000000 259.822000 36.000000) (258.000000 258.822000 36.000000) (258.000000 258.822000 36.888900) (258.000000 259.822000 37.000000) 
4 31 58 (258.000000 258.822000 36.888900) (258.000000 258.822000 160.000000) (258.000000 259.822000 160.000000) (258.000000 259.822000 37.000000) 
4 31 34 (261.000000 258.822000 36.000000) (288.000000 258.822000 36.000000) (288.000000 258.822000 38.000000) (261.000000 258.822000 38.000000) 
4 31 33 (288.000000 258.822000 38.000000) (288.000000 258.822000 160.000000) (258.000000 258.822000 160.000000) (258.000000 258.822000 38.000000) 
4 32 86 (258.000000 288.000000 36.000000) (264.604851 288.000000 36.000000) (264.557154 287.822000 36.000000) (258.000000 287.822000 36.000000) 
4 32 54 (258.000000 288.000000 37.000000) (258.000000 288.000000 36.000000) (258.000000 265.822000 36.000000) (258.000000 266.822000 37.000000) 
4 32 56 (258.000000 265.822000 36.000000) (258.000000 263.351757 36.000000) (258.000000 263.351757 37.000000) (258.000000 266.822000 37.000000) 
4 32 37 (258.000000 288.000000 160.000000) (258.000000 288.000000 37.000000) (258.000000 263.351757 37.000000) (258.000000 263.351757 160.000000) 
4 33 58 (258.000000 250.822000 38.000000) (258.000000 250.822000 160.000000) (258.000000 258.822000 160.000000) (258.000000 258.822000 38.000000) 
4 33 35 (258.000000 250.822000 38.000000) (258.000000 257.822000 38.000000) (261.000000 257.822000 38.000000) (261.000000 250.822000 38.000000) 
4 33 34 (261.000000 258.822000 38.000000) (288.000000 258.822000 38.000000) (288.000000 250.822000 38.000000) (261.000000 250.822000 38.000000) 
4 33 84 (288.000000 250.822000 38.000000) (288.000000 250.822000 160.000000) (258.000000 250.822000 160.000000) (258.000000 250.822000 38.000000) 
4 34 85 (288.000000 258.822000 36.000000) (288.000000 250.822000 36.000000) (286.000000 250.822000 36.000000) (286.000000 258.822000 36.000000) 
3 34 36 (261.000000 254.822000 36.000000) (261.000000 251.822000 36.000000) (261.000000 254.822000 37.000000) 
4 34 35 (261.000000 251.822000 36.000000) (261.000000 250.822000 36.000000) (261.000000 250.822000 38.000000) (261.000000 257.822000 38.000000) 
4 34 84 (261.000000 250.822000 36.000000) (288.000000 250.822000 36.000000) (288.000000 250.822000 38.000000) (261.000000 250.822000 38.000000) 
3 35 64 (258.000000 251.822000 36.000000) (258.000000 250.822000 36.000000) (258.000000 252.322375 36.166792) 
4 35 58 (258.000000 250.822000 36.000000) (258.000000 250.822000 38.000000) (258.000000 257.822000 38.000000) (258.000000 252.322375 36.166792) 
4 35 36 (261.000000 251.822000 36.000000) (258.000000 251.822000 36.000000) (258.000000 254.822000 37.000000) (261.000000 254.822000 37.000000) 
4 35 84 (258.000000 250.822000 36.000000) (261.000000 250.822000 36.000000) (261.000000 250.822000 38.000000) (258.000000 250.822000 38.000000) 
4 36 64 (258.000000 254.822000 36.000000) (258.000000 251.822000 36.000000) (258.000000 252.322375 36.166792) (258.000000 254.822000 36.444500) 
3 36 58 (258.000000 252.322375 36.166792) (258.000000 254.822000 37.000000) (258.000000 254.822000 36.444500) 
4 37 59 (256.000000 259.822000 160.000000) (255.000000 259.822000 160.000000) (255.000000 259.822000 38.000000) (256.000000 259.822000 38.000000) 
4 37 58 (258.000000 259.822000 37.000000) (258.000000 259.822000 160.000000) (256.000000 259.822000 160.000000) (256.000000 259.822000 37.000000) 
4 37 54 (255.000000 288.000000 37.000000) (258.000000 288.000000 37.000000) (258.000000 266.822000 37.000000) (255.000000 266.822000 37.000000) 
4 37 56 (258.000000 266.822000 37.000000) (258.000000 259.822000 37.000000) (255.000000 259.822000 37.000000) (255.000000 266.822000 37.000000) 
4 37 49 (255.000000 269.822000 39.658329) (255.000000 285.153000 37.323400) (255.000000 285.066346 37.000000) (255.000000 269.822000 37.000000) 
5 37 51 (255.000000 259.822000 37.000000) (255.000000 259.822000 38.530563) (255.000000 267.249000 40.050200) (255.000000 269.822000 39.658329) (255.000000 269.822000 37.000000) 
3 37 47 (255.000000 267.249000 40.050200) (255.000000 286.964540 44.084192) (255.000000 285.153000 37.323400) 
4 37 43 (255.000000 259.822000 41.004942) (255.000000 259.822000 58.604270) (255.000000 267.525807 56.540352) (255.000000 263.126193 40.119548) 
5 37 40 (255.000000 269.458000 56.022700) (255.000000 288.000000 51.055133) (255.000000 288.000000 47.948600) (255.000000 286.964540 44.084192) (255.000000 265.058000 39.601900) 
3 37 46 (255.000000 259.822000 38.530563) (255.000000 259.822000 41.004942) (255.000000 265.058000 39.601900) 
3 37 39 (255.000000 288.000000 47.948600) (255.000000 288.000000 37.000000) (255.000000 285.066346 37.000000) 
4 37 38 (255.000000 259.822000 58.604270) (255.000000 259.822000 160.000000) (255.000000 288.000000 160.000000) (255.000000 288.000000 51.055133) 
4 38 59 (255.000000 259.822000 160.000000) (233.000000 259.822000 160.000000) (233.000000 259.822000 58.604270) (255.000000 259.822000 58.604270) 
3 38 44 (233.000000 288.000000 51.055133) (242.596536 288.000000 51.055133) (233.000000 269.457638 56.022797) 
4 38 43 (255.000000 267.525807 56.540352) (255.000000 259.822000 58.604270) (233.000000 259.822000 58.604270) (233.000000 267.525807 56.540352) 
4 38 42 (242.596536 288.000000 51.055133) (245.401856 288.000000 51.055133) (255.000000 269.458000 56.022700) (233.000000 269.457638 56.022797) 
3 38 41 (245.401856 288.000000 51.055133) (252.089337 288.000000 51.055133) (254.000002 271.389827 55.505146) 
4 38 40 (252.089337 288.000000 51.055133) (255.000000 288.000000 51.055133) (255.000000 269.458000 56.022700) (254.000002 271.389827 55.505146) 
4 38 53 (233.000000 288.000000 160.000000) (233.000000 288.000000 51.055133) (233.000000 259.822000 58.604270) (233.000000 259.822000 160.000000) 
4 39 55 (237.000000 288.000000 37.000000) (251.000000 288.000000 37.000000) (251.000000 285.066346 37.000000) (237.000000 285.066346 37.000000) 
4 39 54 (251.000000 288.000000 37.000000) (255.000000 288.000000 37.000000) (255.000000 285.066346 37.000000) (251.000000 285.066346 37.000000) 
4 39 57 (233.000000 288.000000 37.000000) (237.000000 288.000000 37.000000) (237.000000 285.066346 37.000000) (233.000000 285.066346 37.000000) 
4 39 50 (240.000000 285.066346 37.000000) (248.000000 285.066346 37.000000) (248.000000 285.153000 37.323400) (240.000000 285.153000 37.323400) 
4 39 49 (248.000000 285.066346 37.000000) (255.000000 285.066346 37.000000) (255.000000 285.153000 37.323400) (248.000000 285.153000 37.323400) 
4 39 52 (233.000000 285.153000 37.323400) (233.000000 285.066346 37.000000) (240.000000 285.066346 37.000000) (240.000000 285.153000 37.323400) 
4 39 47 (252.000000 285.153000 37.323400) (255.000000 285.153000 37.323400) (255.000000 286.964540 44.084192) (252.000000 286.964540 44.084192) 
4 39 48 (233.000000 286.964540 44.084192) (233.000000 285.153000 37.323400) (236.000000 285.153000 37.323400) (236.000000 286.964540 44.084192) 
4 39 45 (233.000000 288.000000 47.948600) (233.000000 286.964540 44.084192) (236.000000 286.964540 44.084192) (236.000000 288.000000 47.948600) 
4 39 40 (252.000000 286.964540 44.084192) (255.000000 286.964540 44.084192) (255.000000 288.000000 47.948600) (252.000000 288.000000 47.948600) 
3 39 53 (233.000000 288.000000 47.948600) (233.000000 288.000000 37.000000) (233.000000 285.066346 37.000000) 
3 40 51 (255.000000 267.249000 40.050200) (255.000000 265.058000 39.601900) (254.000011 267.248607 40.050120) 
4 40 47 (255.000000 286.964540 44.084192) (255.000000 267.249000 40.050200) (254.000011 267.248607 40.050120) (252.000000 286.964540 44.084192) 
3 40 42 (255.000000 269.458000 56.022700) (254.000002 271.389827 55.505146) (254.000000 271.131000 54.539100) 
4 40 41 (252.089337 288.000000 51.055133) (252.000000 288.000000 47.948600) (254.000000 271.131000 54.539100) (254.000002 271.389827 55.505146) 
4 41 42 (254.000000 271.131000 54.539100) (254.000002 271.389827 55.505146) (245.401856 288.000000 51.055133) (244.999860 288.000000 47.948600) 
4 42 44 (242.998456 288.000000 47.948600) (233.999788 271.130602 54.539255) (233.000000 269.457638 56.022797) (242.596536 288.000000 51.055133) 
4 43 59 (233.000000 259.822000 58.604270) (233.000000 259.822000 41.004942) (255.000000 259.822000 41.004942) (255.000000 259.822000 58.604270) 
4 43 46 (255.000000 259.822000 41.004942) (233.000000 259.822000 41.004942) (233.000000 263.126193 40.119548) (255.000000 263.126193 40.119548) 
4 43 53 (233.000000 263.126193 40.119548) (233.000000 259.822000 41.004942) (233.000000 259.822000 58.604270) (233.000000 267.525807 56.540352) 
4 44 45 (233.000000 288.000000 47.948600) (236.000000 288.000000 47.948600) (233.999963 271.130930 54.539127) (233.000000 269.256345 55.271503) 
4 44 53 (233.000000 288.000000 51.055133) (233.000000 288.000000 47.948600) (233.000000 269.256345 55.271503) (233.000000 269.457638 56.022797) 
3 45 52 (233.000000 265.058000 39.601900) (233.000000 267.249000 40.050200) (234.000000 267.249000 40.050200) 
4 45 48 (233.000000 267.249000 40.050200) (233.000000 286.964540 44.084192) (236.000000 286.964540 44.084192) (234.000000 267.249000 40.050200) 
4 45 53 (233.000000 288.000000 47.948600) (233.000000 286.964540 44.084192) (233.000000 265.058000 39.601900) (233.000000 269.256345 55.271503) 
4 46 59 (233.000000 259.822000 41.004942) (233.000000 259.822000 38.530563) (255.000000 259.822000 38.530563) (255.000000 259.822000 41.004942) 
4 46 51 (255.000000 265.058000 39.601900) (255.000000 259.822000 38.530563) (240.000000 259.822000 38.530563) (240.000000 265.058000 39.601900) 
4 46 52 (240.000000 259.822000 38.530563) (233.000000 259.822000 38.530563) (233.000000 265.058000 39.601900) (240.000000 265.058000 39.601900) 
3 46 53 (233.000000 265.058000 39.601900) (233.000000 259.822000 38.530563) (233.000000 259.822000 41.004942) 
4 47 49 (253.712553 269.822000 39.658329) (252.000000 285.153000 37.323400) (255.000000 285.153000 37.323400) (255.000000 269.822000 39.658329) 
4 47 51 (255.000000 267.249000 40.050200) (253.999971 267.249000 40.050200) (253.712553 269.822000 39.658329) (255.000000 269.822000 39.658329) 
4 48 52 (234.000000 267.249000 40.050200) (233.000000 267.249000 40.050200) (233.000000 285.153000 37.323400) (236.000000 285.153000 37.323400) 
3 48 53 (233.000000 286.964540 44.084192) (233.000000 285.153000 37.323400) (233.000000 267.249000 40.050200) 
4 49 55 (248.000000 280.822000 37.000000) (248.000000 285.066346 37.000000) (251.000000 285.066346 37.000000) (251.000000 280.822000 37.000000) 
4 49 54 (255.000000 285.066346 37.000000) (255.000000 269.822000 37.000000) (251.000000 269.822000 37.000000) (251.000000 285.066346 37.000000) 
4 49 50 (248.000000 277.822000 38.439920) (248.000000 285.153000 37.323400) (248.000000 285.066346 37.000000) (248.000000 277.822000 37.000000) 
4 49 51 (248.000000 269.822000 37.000000) (255.000000 269.822000 37.000000) (255.000000 269.822000 39.658329) (248.000000 269.822000 39.658329) 
4 50 55 (240.000000 280.822000 37.000000) (240.000000 285.066346 37.000000) (248.000000 285.066346 37.000000) (248.000000 280.822000 37.000000) 
4 50 52 (240.000000 277.822000 38.439920) (240.000000 285.153000 37.323400) (240.000000 285.066346 37.000000) (240.000000 277.822000 37.000000) 
4 51 59 (255.000000 259.822000 38.000000) (255.000000 259.822000 38.530563) (240.000000 259.822000 38.530563) (240.000000 259.822000 38.000000) 
4 51 54 (255.000000 269.822000 37.000000) (255.000000 266.822000 37.000000) (251.000000 266.822000 37.000000) (251.000000 269.822000 37.000000) 
4 51 56 (255.000000 266.822000 37.000000) (255.000000 259.822000 37.000000) (240.000000 259.822000 37.000000) (240.000000 266.822000 37.000000) 
5 51 52 (240.000000 259.822000 37.000000) (240.000000 259.822000 38.530563) (240.000000 267.249000 40.050200) (240.000000 269.822000 39.658329) (240.000000 269.822000 37.000000) 
4 52 59 (233.000000 259.822000 38.530563) (233.000000 259.822000 38.000000) (240.000000 259.822000 38.000000) (240.000000 259.822000 38.530563) 
4 52 55 (237.000000 280.822000 37.000000) (237.000000 285.066346 37.000000) (240.000000 285.066346 37.000000) (240.000000 280.822000 37.000000) 
4 52 56 (240.000000 259.822000 37.000000) (237.000000 259.822000 37.000000) (237.000000 266.822000 37.000000) (240.000000 266.822000 37.000000) 
4 52 57 (237.000000 259.822000 37.000000) (233.000000 259.822000 37.000000) (233.000000 285.066346 37.000000) (237.000000 285.066346 37.000000) 
5 52 53 (233.000000 285.153000 37.323400) (233.000000 285.066346 37.000000) (233.000000 259.822000 37.000000) (233.000000 259.822000 38.530563) (233.000000 267.249000 40.050200) 
4 53 59 (233.000000 259.822000 160.000000) (232.000000 259.822000 160.000000) (232.000000 259.822000 38.000000) (233.000000 259.822000 38.000000) 
4 53 57 (232.000000 259.822000 37.000000) (232.000000 288.000000 37.000000) (233.000000 288.000000 37.000000) (233.000000 259.822000 37.000000) 
4 53 65 (232.000000 288.000000 160.000000) (232.000000 288.000000 37.000000) (232.000000 259.822000 37.000000) (232.000000 259.822000 160.000000) 
4 54 86 (252.000000 288.000000 36.000000) (258.000000 288.000000 36.000000) (258.000000 287.822000 36.000000) (252.000000 287.822000 36.000000) 
4 54 55 (252.000000 288.000000 36.000000) (252.000000 281.822000 36.000000) (251.000000 280.822000 37.000000) (251.000000 288.000000 37.000000) 
4 54 56 (252.000000 265.822000 36.000000) (258.000000 265.822000 36.000000) (258.000000 266.822000 37.000000) (251.000000 266.822000 37.000000) 
4 55 86 (236.000000 288.000000 36.000000) (252.000000 288.000000 36.000000) (252.000000 287.822000 36.000000) (236.000000 287.822000 36.000000) 
4 55 57 (236.000000 288.000000 36.000000) (236.000000 281.822000 36.000000) (237.000000 280.822000 37.000000) (237.000000 288.000000 37.000000) 
4 56 60 (236.000000 259.822000 36.000000) (258.000000 259.822000 36.000000) (258.000000 259.822000 37.000000) (237.000000 259.822000 37.000000) 
4 56 57 (236.000000 265.822000 36.000000) (236.000000 259.822000 36.000000) (237.000000 259.822000 37.000000) (237.000000 266.822000 37.000000) 
4 57 86 (232.000000 288.000000 36.000000) (236.000000 288.000000 36.000000) (236.000000 287.822000 36.000000) (232.000000 287.822000 36.000000) 
4 57 60 (232.000000 259.822000 36.000000) (236.000000 259.822000 36.000000) (237.000000 259.822000 37.000000) (232.000000 259.822000 37.000000) 
4 57 65 (232.000000 288.000000 37.000000) (232.000000 288.000000 36.000000) (232.000000 259.822000 36.000000) (232.000000 259.822000 37.000000) 
4 58 61 (256.000000 257.822000 36.777800) (256.000000 258.822000 36.888900) (258.000000 258.822000 36.888900) (258.000000 257.822000 36.777800) 
4 58 64 (258.000000 250.821100 36.000000) (256.000000 250.821100 36.000000) (256.000000 257.822000 36.777800) (258.000000 257.822000 36.777800) 
4 58 60 (256.000000 258.822000 36.888900) (256.000000 259.822000 37.000000) (258.000000 259.822000 37.000000) (258.000000 258.822000 36.888900) 
4 58 59 (256.000000 250.822000 37.000000) (256.000000 250.822000 160.000000) (256.000000 259.822000 160.000000) (256.000000 259.822000 38.000000) 
4 58 84 (256.000000 250.822000 36.000000) (258.000000 250.822000 36.000000) (258.000000 250.822000 160.000000) (256.000000 250.822000 160.000000) 
4 59 84 (256.000000 250.822000 37.000000) (256.000000 250.822000 160.000000) (232.000000 250.822000 160.000000) (232.000000 250.822000 37.000000) 
4 59 65 (232.000000 250.822000 37.000000) (232.000000 250.822000 160.000000) (232.000000 259.822000 160.000000) (232.000000 259.822000 38.000000) 
4 60 62 (235.000000 258.822000 36.000000) (252.000000 258.822000 36.000000) (252.000000 258.822000 36.888900) (235.000000 258.822000 36.888900) 
4 60 63 (232.000000 258.822000 36.000000) (233.000000 258.822000 36.000000) (233.000000 258.822000 36.888900) (232.000000 258.822000 36.888900) 
4 60 61 (254.000000 258.822000 36.000000) (258.000000 258.822000 36.000000) (258.000000 258.822000 36.888900) (254.000000 258.822000 36.888900) 
4 60 65 (232.000000 259.822000 36.000000) (232.000000 258.822000 36.000000) (232.000000 258.822000 36.888889) (232.000000 259.822000 37.000000) 
4 61 64 (254.000000 257.822000 36.000000) (258.000000 257.822000 36.000000) (258.000000 257.822000 36.777800) (254.000000 257.822000 36.777800) 
4 62 64 (235.000000 257.822000 36.000000) (252.000000 257.822000 36.000000) (252.000000 257.822000 36.777800) (235.000000 257.822000 36.777800) 
4 63 64 (232.000000 257.822000 36.777800) (232.000000 257.822000 36.000000) (233.000000 257.822000 36.000000) (233.000000 257.822000 36.777800) 
4 63 65 (232.000000 258.822000 36.000000) (232.000000 257.822000 36.000000) (232.000000 257.822000 36.777778) (232.000000 258.822000 36.888889) 
3 64 65 (232.000000 257.822000 36.000000) (232.000000 250.822000 36.000000) (232.000000 257.822000 36.777778) 
4 65 86 (231.000000 288.000000 36.000000) (232.000000 288.000000 36.000000) (232.000000 287.822000 36.000000) (231.000000 287.822000 36.000000) 
4 65 72 (231.000000 272.595520 36.000000) (231.000000 266.822102 36.000000) (231.000000 266.822102 160.000000) (231.000000 272.595520 160.000000) 
4 65 71 (231.000000 275.822000 36.000000) (231.000000 272.595520 36.000000) (231.000000 272.595520 160.000000) (231.000000 275.822000 160.000000) 
4 65 75 (231.000000 266.822102 36.000000) (231.000000 250.822000 36.000000) (231.000000 250.822000 160.000000) (231.000000 266.822102 160.000000) 
4 65 70 (231.000000 275.822000 46.000000) (231.000000 275.822000 160.000000) (231.000000 276.822000 160.000000) (231.000000 276.822000 46.000000) 
5 65 66 (231.000000 288.000000 36.000000) (231.000000 279.322000 36.000000) (231.000000 276.822000 40.000000) (231.000000 276.822000 160.000000) (231.000000 288.000000 160.000000) 
3 65 68 (231.000000 279.322000 36.000000) (231.000000 276.822000 36.000000) (231.000000 276.822000 40.000000) 
4 65 84 (231.000000 250.822000 36.000000) (232.000000 250.822000 36.000000) (232.000000 250.822000 160.000000) (231.000000 250.822000 160.000000) 
4 66 86 (229.000000 288.000000 36.000000) (231.000000 288.000000 36.000000) (231.000000 287.822000 36.000000) (229.000000 287.822000 36.000000) 
4 66 70 (231.000000 276.822000 46.000000) (231.000000 276.822000 160.000000) (229.000000 276.822000 160.000000) (229.000000 276.822000 46.000000) 
5 66 67 (229.000000 288.000000 36.000000) (229.000000 280.322000 36.000000) (229.000000 276.822000 41.000000) (229.000000 276.822000 160.000000) (229.000000 288.000000 160.000000) 
4 66 68 (229.000000 279.322000 36.000000) (231.000000 279.322000 36.000000) (231.000000 276.822000 40.000000) (229.000000 276.822000 40.000000) 
4 67 86 (225.000000 288.000000 36.000000) (229.000000 288.000000 36.000000) (229.000000 287.822000 36.000000) (225.000000 287.822000 36.000000) 
4 67 70 (229.000000 276.822000 160.000000) (225.000000 276.822000 160.000000) (225.000000 276.822000 46.000000) (229.000000 276.822000 46.000000) 
5 67 69 (225.000000 288.000000 36.000000) (225.000000 280.322000 36.000000) (225.000000 276.822000 41.000000) (225.000000 276.822000 160.000000) (225.000000 288.000000 160.000000) 
3 68 69 (225.000000 279.322000 36.000000) (225.000000 276.822000 36.000000) (225.000000 276.822000 40.000000) 
4 69 86 (223.000000 288.000000 36.000000) (225.000000 288.000000 36.000000) (225.000000 287.822000 36.000000) (223.000000 287.822000 36.000000) 
4 69 76 (223.000000 288.000000 36.000000) (223.000000 276.822000 36.000000) (223.000000 276.822000 160.000000) (223.000000 288.000000 160.000000) 
4 69 70 (225.000000 276.822000 46.000000) (225.000000 276.822000 160.000000) (223.000000 276.822000 160.000000) (223.000000 276.822000 46.000000) 
4 70 76 (223.000000 275.822000 46.000000) (223.000000 275.822000 160.000000) (223.000000 276.822000 160.000000) (223.000000 276.822000 46.000000) 
4 70 71 (223.000000 275.822000 160.000000) (223.000000 275.822000 46.000000) (231.000000 275.822000 46.000000) (231.000000 275.822000 160.000000) 
4 71 76 (223.000000 275.822000 36.000000) (223.000000 269.750176 36.000000) (223.000000 269.750176 160.000000) (223.000000 275.822000 160.000000) 
4 71 73 (227.232000 270.420000 43.000000) (227.232000 270.420000 160.000000) (223.768000 268.420000 160.000000) (223.768000 268.420000 43.000000) 
4 71 72 (227.232000 270.420000 36.000000) (231.000000 272.595520 36.000000) (231.000000 272.595520 160.000000) (227.232000 270.420000 160.000000) 
4 71 74 (223.000000 269.750176 160.000000) (223.000000 269.750176 36.000000) (223.768000 268.420000 36.000000) (223.768000 268.420000 160.000000) 
4 72 73 (229.732000 266.090000 43.000000) (229.732000 266.090000 160.000000) (227.232000 270.420000 160.000000) (227.232000 270.420000 43.000000) 
4 72 75 (229.732000 266.090000 36.000000) (231.000000 266.822102 36.000000) (231.000000 266.822102 160.000000) (229.732000 266.090000 160.000000) 
4 73 74 (226.268000 264.090000 43.000000) (226.268000 264.090000 160.000000) (223.768000 268.420000 160.000000) (223.768000 268.420000 43.000000) 
4 73 75 (229.732000 266.090000 43.000000) (229.732000 266.090000 160.000000) (226.268000 264.090000 160.000000) (226.268000 264.090000 43.000000) 
4 74 76 (223.000000 269.750176 36.000000) (223.000000 262.203164 36.000000) (223.000000 262.203164 160.000000) (223.000000 269.750176 160.000000) 
4 74 75 (223.000000 262.203164 36.000000) (226.268000 264.090000 36.000000) (226.268000 264.090000 160.000000) (223.000000 262.203164 160.000000) 
4 75 76 (223.000000 262.203164 36.000000) (223.000000 257.822000 36.000000) (223.000000 257.822000 160.000000) (223.000000 262.203164 160.000000) 
4 75 83 (223.000000 257.822000 36.000000) (223.000000 250.822000 36.000000) (223.000000 250.822000 160.000000) (223.000000 257.822000 160.000000) 
4 75 84 (223.000000 250.822000 36.000000) (231.000000 250.822000 36.000000) (231.000000 250.822000 160.000000) (223.000000 250.822000 160.000000) 
4 76 86 (220.000000 288.000000 36.000000) (223.000000 288.000000 36.000000) (223.000000 287.822000 36.000000) (220.000000 287.822000 36.000000) 
4 76 78 (220.000000 288.000000 36.000000) (220.000000 279.822000 36.000000) (220.000000 279.822000 52.000000) (220.000000 288.000000 52.000000) 
4 76 77 (220.000000 257.822000 52.000000) (220.000000 257.822000 160.000000) (220.000000 288.000000 160.000000) (220.000000 288.000000 52.000000) 
4 76 83 (220.000000 257.822000 36.000000) (223.000000 257.822000 36.000000) (223.000000 257.822000 160.000000) (220.000000 257.822000 160.000000) 
4 77 78 (210.000000 279.822000 52.000000) (210.000000 288.000000 52.000000) (220.000000 288.000000 52.000000) (220.000000 279.822000 52.000000) 
4 77 82 (210.000000 257.822000 52.000000) (-352.000000 257.822000 52.000000) (-352.000000 288.000000 52.000000) (210.000000 288.000000 52.000000) 
4 77 83 (220.000000 257.822000 52.000000) (220.000000 257.822000 160.000000) (-352.000000 257.822000 160.000000) (-352.000000 257.822000 52.000000) 
4 78 86 (210.000000 288.000000 36.000000) (220.000000 288.000000 36.000000) (220.000000 287.822000 36.000000) (210.000000 287.822000 36.000000) 
4 78 82 (210.000000 288.000000 52.000000) (210.000000 288.000000 36.000000) (210.000000 279.822000 36.000000) (210.000000 279.822000 52.000000) 
4 79 81 (217.000000 259.822000 48.000000) (218.000000 259.822000 48.000000) (218.000000 259.822000 49.000000) (217.000000 259.822000 49.000000) 
4 79 80 (212.000000 259.822000 50.000000) (212.000000 259.822000 49.000000) (218.000000 259.822000 49.000000) (218.000000 259.822000 50.000000) 
4 80 81 (218.000000 257.822000 49.000000) (217.000000 257.822000 49.000000) (217.000000 259.822000 49.000000) (218.000000 259.822000 49.000000) 
4 80 83 (218.000000 257.822000 49.000000) (218.000000 257.822000 50.000000) (212.000000 257.822000 50.000000) (212.000000 257.822000 49.000000) 
4 81 83 (218.000000 257.822000 48.000000) (218.000000 257.822000 49.000000) (217.000000 257.822000 49.000000) (217.000000 257.822000 48.000000) 
4 82 88 (-352.000000 257.822000 36.000000) (-352.000000 288.000000 36.000000) (202.000000 288.000000 36.000000) (202.000000 257.822000 36.000000) 
4 82 87 (202.000000 288.000000 36.000000) (204.000000 288.000000 36.000000) (204.000000 257.822000 36.000000) (202.000000 257.822000 36.000000) 
4 82 86 (204.000000 288.000000 36.000000) (210.000000 288.000000 36.000000) (210.000000 287.822000 36.000000) (204.000000 287.822000 36.000000) 
4 82 83 (-352.000000 257.822000 36.000000) (210.000000 257.822000 36.000000) (210.000000 257.822000 52.000000) (-352.000000 257.822000 52.000000) 
4 83 88 (-352.000000 250.822000 36.000000) (-352.000000 257.822000 36.000000) (202.000000 257.822000 36.000000) (202.000000 250.822000 36.000000) 
4 83 87 (202.000000 257.822000 36.000000) (204.000000 257.822000 36.000000) (204.000000 250.822000 36.000000) (202.000000 250.822000 36.000000) 
4 83 84 (-352.000000 250.822000 160.000000) (-352.000000 250.822000 36.000000) (223.000000 250.822000 36.000000) (223.000000 250.822000 160.000000) 
4 84 88 (-352.000000 243.822000 36.000000) (-352.000000 250.822000 36.000000) (202.000000 250.822000 36.000000) (202.000000 243.822000 36.000000) 
4 84 87 (202.000000 250.822000 36.000000) (204.000000 250.822000 36.000000) (204.000000 243.822000 36.000000) (202.000000 243.822000 36.000000) 
4 84 85 (286.000000 250.822000 36.000000) (288.000000 250.822000 36.000000) (288.000000 243.822000 36.000000) (286.000000 243.822000 36.000000) 
4 84 89 (-352.000000 243.822000 160.000000) (-352.000000 243.822000 36.000000) (288.000000 243.822000 36.000000) (288.000000 243.822000 160.000000) 
4 85 86 (286.000000 287.822000 36.000000) (286.000000 288.000000 36.000000) (288.000000 288.000000 34.000000) (288.000000 287.822000 34.000000) 
3 85 89 (288.000000 243.822000 34.000000) (288.000000 243.822000 36.000000) (286.000000 243.822000 36.000000) 
4 86 98 (206.000000 287.822000 32.000000) (202.000000 287.822000 32.000000) (202.000000 288.000000 32.000000) (206.000000 288.000000 32.000000) 
4 86 92 (284.000000 287.822000 32.000000) (206.000000 287.822000 32.000000) (206.000000 288.000000 32.000000) (284.000000 288.000000 32.000000) 
4 86 90 (288.000000 288.000000 32.000000) (288.000000 287.822000 32.000000) (284.000000 287.822000 32.000000) (284.000000 288.000000 32.000000) 
4 86 88 (202.000000 288.000000 32.000000) (202.000000 287.822000 32.000000) (202.000000 287.822000 34.000000) (202.000000 288.000000 34.000000) 
4 86 87 (202.000000 288.000000 34.000000) (202.000000 287.822000 34.000000) (204.000000 287.822000 36.000000) (204.000000 288.000000 36.000000) 
4 87 88 (202.000000 243.822000 34.000000) (202.000000 243.822000 36.000000) (202.000000 288.000000 36.000000) (202.000000 288.000000 34.000000) 
3 87 89 (204.000000 243.822000 36.000000) (202.000000 243.822000 36.000000) (202.000000 243.822000 34.000000) 
4 88 102 (-278.000000 288.000000 32.000000) (-276.000000 288.000000 32.000000) (-276.000000 244.000000 32.000000) (-278.000000 244.000000 32.000000) 
4 88 103 (-194.000000 244.000000 32.000000) (-194.000000 243.822000 32.000000) (-278.000000 243.822000 32.000000) (-278.000000 244.000000 32.000000) 
4 88 101 (-194.000000 288.000000 32.000000) (-192.000000 288.000000 32.000000) (-192.000000 243.822000 32.000000) (-194.000000 243.822000 32.000000) 
4 88 99 (202.000000 287.822000 32.000000) (202.000000 243.822000 32.000000) (-192.000000 243.822000 32.000000) (-192.000000 287.822000 32.000000) 
4 88 98 (-192.000000 288.000000 32.000000) (202.000000 288.000000 32.000000) (202.000000 287.822000 32.000000) (-192.000000 287.822000 32.000000) 
4 88 112 (-352.000000 243.822000 32.000000) (-352.000000 288.000000 32.000000) (-278.000000 288.000000 32.000000) (-278.000000 243.822000 32.000000) 
4 88 89 (-352.000000 243.822000 36.000000) (-352.000000 243.822000 32.000000) (202.000000 243.822000 32.000000) (202.000000 243.822000 36.000000) 
4 89 127 (-64.000000 -288.000000 32.000000) (64.000000 -288.000000 32.000000) (64.000000 -288.000000 160.000000) (-64.000000 -288.000000 160.000000) 
4 89 103 (-194.000000 -288.000000 32.000000) (-278.000000 -288.000000 32.000000) (-278.000000 243.822000 32.000000) (-194.000000 243.822000 32.000000) 
4 89 101 (-192.000000 -288.000000 32.000000) (-194.000000 -288.000000 32.000000) (-194.000000 243.822000 32.000000) (-192.000000 243.822000 32.000000) 
4 89 100 (206.000000 -288.000000 32.000000) (-192.000000 -288.000000 32.000000) (-192.000000 243.822000 32.000000) (206.000000 243.822000 32.000000) 
4 89 112 (-278.000000 -288.000000 32.000000) (-352.000000 -288.000000 32.000000) (-352.000000 243.822000 32.000000) (-278.000000 243.822000 32.000000) 
4 89 97 (284.000000 -288.000000 32.000000) (206.000000 -288.000000 32.000000) (206.000000 243.822000 32.000000) (284.000000 243.822000 32.000000) 
4 89 91 (288.000000 -288.000000 32.000000) (284.000000 -288.000000 32.000000) (284.000000 243.822000 32.000000) (288.000000 243.822000 32.000000) 
4 90 92 (284.000000 287.822000 10.000000) (284.000000 287.822000 32.000000) (284.000000 288.000000 32.000000) (284.000000 288.000000 10.000000) 
4 90 93 (284.000000 288.000000 0.000000) (284.000000 287.822000 0.000000) (284.000000 287.822000 10.000000) (284.000000 288.000000 10.000000) 
4 91 97 (284.000000 243.822000 0.000000) (284.000000 -288.000000 -0.000000) (284.000000 -288.000000 32.000000) (284.000000 243.822000 32.000000) 
4 92 98 (206.000000 288.000000 32.000000) (206.000000 288.000000 10.000000) (206.000000 287.822000 10.000000) (206.000000 287.822000 32.000000) 
4 92 93 (206.000000 285.822000 10.000000) (206.000000 288.000000 10.000000) (284.000000 288.000000 10.000000) (284.000000 285.822000 10.000000) 
4 93 98 (206.000000 288.000000 10.000000) (206.000000 288.000000 -0.000000) (206.000000 287.822000 0.000000) (206.000000 287.822000 10.000000) 
4 93 96 (206.000000 281.822000 0.000000) (230.000000 281.822000 0.000000) (230.000000 281.822000 10.000000) (206.000000 281.822000 10.000000) 
4 93 95 (230.000000 281.822000 0.000000) (284.000000 281.822000 0.000000) (284.000000 281.822000 10.000000) (230.000000 281.822000 10.000000) 
4 94 96 (230.000000 245.822000 12.000000) (230.000000 245.822000 16.000000) (230.000000 281.822000 16.000000) (230.000000 281.822000 12.000000) 
4 94 95 (260.000000 245.822000 12.000000) (230.000000 245.822000 12.000000) (230.000000 281.822000 12.000000) (260.000000 281.822000 12.000000) 
4 94 97 (260.000000 245.822000 32.000000) (230.000000 245.822000 32.000000) (230.000000 245.822000 12.000000) (260.000000 245.822000 12.000000) 
4 95 96 (230.000000 281.822000 0.000000) (230.000000 245.822000 0.000000) (230.000000 245.822000 12.000000) (230.000000 281.822000 12.000000) 
4 95 97 (230.000000 245.822000 0.000000) (284.000000 245.822000 -0.000000) (284.000000 245.822000 12.000000) (230.000000 245.822000 12.000000) 
4 96 97 (206.000000 245.822000 16.000000) (206.000000 245.822000 -0.000000) (230.000000 245.822000 0.000000) (230.000000 245.822000 16.000000) 
4 97 100 (206.000000 243.822000 0.000000) (206.000000 -288.000000 0.000000) (206.000000 -288.000000 32.000000) (206.000000 243.822000 32.000000) 
4 98 101 (-192.000000 288.000000 32.000000) (-192.000000 288.000000 30.000000) (-192.000000 287.822000 30.000000) (-192.000000 287.822000 32.000000) 
4 98 99 (-192.000000 287.822000 32.000000) (-192.000000 287.822000 -0.000000) (202.000000 287.822000 0.000000) (202.000000 287.822000 32.000000) 
4 99 104 (-192.000000 244.000000 0.000000) (-192.000000 243.822000 0.000000) (-192.000000 243.822000 28.000000) (-192.000000 244.000000 28.000000) 
4 99 103 (-192.000000 243.822000 28.000000) (-192.000000 243.822000 30.000000) (-192.000000 244.000000 30.000000) (-192.000000 244.000000 28.000000) 
4 99 101 (-192.000000 243.822000 30.000000) (-192.000000 243.822000 32.000000) (-192.000000 287.822000 32.000000) (-192.000000 287.822000 30.000000) 
4 99 100 (-192.000000 243.822000 0.000000) (202.000000 243.822000 0.000000) (202.000000 243.822000 32.000000) (-192.000000 243.822000 32.000000) 
4 100 127 (-64.000000 -288.000000 0.000000) (64.000000 -288.000000 0.000000) (64.000000 -288.000000 32.000000) (-64.000000 -288.000000 32.000000) 
4 100 104 (-192.000000 243.822000 0.000000) (-192.000000 -288.000000 0.000000) (-192.000000 -288.000000 28.000000) (-192.000000 243.822000 28.000000) 
4 100 103 (-192.000000 -288.000000 28.000000) (-192.000000 -288.000000 30.000000) (-192.000000 243.822000 30.000000) (-192.000000 243.822000 28.000000) 
4 100 101 (-192.000000 -288.000000 30.000000) (-192.000000 -288.000000 32.000000) (-192.000000 243.822000 32.000000) (-192.000000 243.822000 30.000000) 
4 101 103 (-192.000000 244.000000 30.000000) (-192.000000 -288.000000 30.000000) (-194.000000 -288.000000 32.000000) (-194.000000 244.000000 32.000000) 
3 102 103 (-278.000000 244.000000 32.000000) (-278.000000 244.000000 30.000000) (-276.000000 244.000000 32.000000) 
4 102 112 (-278.000000 244.000000 32.000000) (-278.000000 288.000000 32.000000) (-278.000000 288.000000 30.000000) (-278.000000 244.000000 30.000000) 
4 103 111 (-278.000000 -288.000000 28.000000) (-278.000000 244.000000 28.000000) (-274.000000 244.000000 28.000000) (-274.000000 -288.000000 28.000000) 
4 103 110 (-274.000000 244.000000 28.000000) (-196.000000 244.000000 28.000000) (-196.000000 -288.000000 28.000000) (-274.000000 -288.000000 28.000000) 
4 103 104 (-196.000000 244.000000 28.000000) (-192.000000 244.000000 28.000000) (-192.000000 -288.000000 28.000000) (-196.000000 -288.000000 28.000000) 
4 103 112 (-278.000000 -288.000000 28.000000) (-278.000000 -288.000000 32.000000) (-278.000000 244.000000 32.000000) (-278.000000 244.000000 28.000000) 
4 104 110 (-196.000000 -288.000000 28.000000) (-196.000000 244.000000 28.000000) (-196.000000 244.000000 0.000000) (-196.000000 -288.000000 0.000000) 
4 105 106 (-274.000000 286.000000 6.000000) (-274.000000 286.000000 -0.000000) (-196.000000 286.000000 -0.000000) (-196.000000 286.000000 6.000000) 
4 106 109 (-274.000000 282.000000 0.000000) (-196.000000 282.000000 0.000000) (-196.000000 282.000000 6.000000) (-274.000000 282.000000 6.000000) 
4 107 108 (-250.000000 282.000000 12.000000) (-250.000000 282.000000 8.000000) (-250.000000 246.000000 8.000000) (-250.000000 246.000000 12.000000) 
4 107 110 (-250.000000 246.000000 8.000000) (-220.000000 246.000000 8.000000) (-220.000000 246.000000 28.000000) (-250.000000 246.000000 28.000000) 
4 107 109 (-250.000000 282.000000 8.000000) (-220.000000 282.000000 8.000000) (-220.000000 246.000000 8.000000) (-250.000000 246.000000 8.000000) 
4 108 110 (-274.000000 246.000000 12.000000) (-274.000000 246.000000 8.000000) (-250.000000 246.000000 8.000000) (-250.000000 246.000000 12.000000) 
4 108 109 (-274.000000 246.000000 8.000000) (-274.000000 282.000000 8.000000) (-250.000000 282.000000 8.000000) (-250.000000 246.000000 8.000000) 
4 109 110 (-274.000000 246.000000 8.000000) (-274.000000 246.000000 -0.000000) (-196.000000 246.000000 -0.000000) (-196.000000 246.000000 8.000000) 
4 110 111 (-274.000000 244.000000 0.000000) (-274.000000 -288.000000 -0.000000) (-274.000000 -288.000000 28.000000) (-274.000000 244.000000 28.000000) 
4 111 112 (-278.000000 244.000000 0.000000) (-278.000000 -288.000000 -0.000000) (-278.000000 -288.000000 28.000000) (-278.000000 244.000000 28.000000) 
4 113 140 (-352.000000 -288.000000 -473.600000) (-352.000000 -288.000000 -32.000000) (-352.000000 320.000000 -32.000000) (-352.000000 320.000000 -473.600000) 
4 113 132 (-352.000000 -288.000000 -288.000000) (-352.000000 -288.000000 -473.600000) (224.000000 -288.000000 -473.600000) (224.000000 -288.000000 -288.000000) 
4 113 130 (288.000000 -288.000000 -32.000000) (224.000000 -288.000000 -32.000000) (224.000000 -288.000000 -473.600000) (288.000000 -288.000000 -473.600000) 
4 113 121 (320.000000 -288.000000 -473.600000) (320.000000 -288.000000 -32.000000) (288.000000 -288.000000 -32.000000) (288.000000 -288.000000 -473.600000) 
4 114 143 (-352.000000 -288.000000 -512.000000) (-352.000000 -288.000000 -473.600000) (-352.000000 576.000000 -473.600000) (-352.000000 576.000000 -512.000000) 
4 114 135 (288.000000 -288.000000 -473.600000) (-352.000000 -288.000000 -473.600000) (-352.000000 -288.000000 -512.000000) (288.000000 -288.000000 -512.000000) 
4 114 124 (320.000000 -288.000000 -512.000000) (320.000000 -288.000000 -473.600000) (288.000000 -288.000000 -473.600000) (288.000000 -288.000000 -512.000000) 
4 115 125 (288.000000 -288.000000 448.000000) (288.000000 -288.000000 409.600000) (288.000000 -1152.000000 409.600000) (288.000000 -1152.000000 448.000000) 
4 115 123 (288.000000 -1152.000000 409.600000) (288.000000 -1120.000000 409.600000) (1021.830000 -1120.000000 409.600000) (1021.830000 -1152.000000 409.600000) 
4 115 116 (1021.830000 -288.000000 409.600000) (1088.000000 -288.000000 409.600000) (1088.000000 -1152.000000 409.600000) (1021.830000 -1152.000000 409.600000) 
4 116 123 (1021.830000 -1120.000000 -473.600000) (1021.830000 -1152.000000 -473.600000) (1021.830000 -1152.000000 409.600000) (1021.830000 -1120.000000 409.600000) 
4 116 124 (1021.830000 -288.000000 -473.600000) (1088.000000 -288.000000 -473.600000) (1088.000000 -1152.000000 -473.600000) (1021.830000 -1152.000000 -473.600000) 
4 117 129 (288.000000 -800.000000 192.000000) (288.000000 -832.000000 192.000000) (288.000000 -832.000000 409.600000) (288.000000 -800.000000 409.600000) 
4 117 128 (288.000000 -320.000000 192.000000) (288.000000 -800.000000 192.000000) (288.000000 -800.000000 409.600000) (288.000000 -320.000000 409.600000) 
4 117 126 (288.000000 -288.000000 409.600000) (288.000000 -288.000000 192.000000) (288.000000 -320.000000 192.000000) (288.000000 -320.000000 409.600000) 
4 117 122 (1021.830000 -832.000000 192.000000) (1021.830000 -832.000000 409.600000) (288.000000 -832.000000 409.600000) (288.000000 -832.000000 192.000000) 
4 117 119 (768.000000 -320.000000 192.000000) (768.000000 -800.000000 192.000000) (320.000000 -800.000000 192.000000) (320.000000 -320.000000 192.000000) 
4 117 118 (800.000000 -288.000000 192.000000) (1021.830000 -288.000000 192.000000) (1021.830000 -832.000000 192.000000) (800.000000 -832.000000 192.000000) 
4 118 122 (1021.830000 -832.000000 -32.000000) (1021.830000 -832.000000 192.000000) (800.000000 -832.000000 192.000000) (800.000000 -832.000000 -32.000000) 
4 118 121 (1021.830000 -832.000000 -32.000000) (800.000000 -832.000000 -32.000000) (800.000000 -288.000000 -32.000000) (1021.830000 -288.000000 -32.000000) 
4 119 120 (320.000000 -448.000000 0.000000) (320.000000 -576.000000 0.000000) (320.000000 -576.000000 128.000000) (320.000000 -448.000000 128.000000) 
4 120 128 (288.000000 -448.000000 0.000000) (288.000000 -576.000000 0.000000) (288.000000 -576.000000 128.000000) (288.000000 -448.000000 128.000000) 
4 121 130 (288.000000 -288.000000 -32.000000) (288.000000 -288.000000 -473.600000) (288.000000 -832.000000 -473.600000) (288.000000 -832.000000 -32.000000) 
4 121 122 (288.000000 -832.000000 -473.600000) (1021.830000 -832.000000 -473.600000) (1021.830000 -832.000000 -32.000000) (288.000000 -832.000000 -32.000000) 
4 122 133 (288.000000 -832.000000 -473.600000) (288.000000 -1120.000000 -473.600000) (288.000000 -1120.000000 409.600000) (288.000000 -832.000000 409.600000) 
4 123 134 (288.000000 -1120.000000 -473.600000) (288.000000 -1152.000000 -473.600000) (288.000000 -1152.000000 409.600000) (288.000000 -1120.000000 409.600000) 
4 123 124 (288.000000 -1152.000000 -473.600000) (288.000000 -1120.000000 -473.600000) (1021.830000 -1120.000000 -473.600000) (1021.830000 -1152.000000 -473.600000) 
4 124 135 (288.000000 -288.000000 -473.600000) (288.000000 -288.000000 -512.000000) (288.000000 -1152.000000 -512.000000) (288.000000 -1152.000000 -473.600000) 
4 125 144 (-352.000000 -1152.000000 409.600000) (-352.000000 -1152.000000 448.000000) (-352.000000 -288.000000 448.000000) (-352.000000 -288.000000 409.600000) 
4 125 134 (-352.000000 -1152.000000 409.600000) (-352.000000 -1120.000000 409.600000) (288.000000 -1120.000000 409.600000) (288.000000 -1152.000000 409.600000) 
4 126 145 (-352.000000 -320.000000 409.600000) (-352.000000 -288.000000 409.600000) (-352.000000 -288.000000 192.000000) (-352.000000 -320.000000 192.000000) 
4 126 128 (288.000000 -320.000000 192.000000) (288.000000 -320.000000 409.600000) (-352.000000 -320.000000 409.600000) (-352.000000 -320.000000 192.000000) 
4 127 128 (64.000000 -320.000000 160.000000) (-64.000000 -320.000000 160.000000) (-64.000000 -320.000000 0.000000) (64.000000 -320.000000 0.000000) 
4 128 146 (-352.000000 -512.000000 0.000000) (-352.000000 -640.000000 0.000000) (-352.000000 -640.000000 192.000000) (-352.000000 -512.000000 192.000000) 
4 128 145 (-352.000000 -800.000000 409.600000) (-352.000000 -320.000000 409.600000) (-352.000000 -320.000000 192.000000) (-352.000000 -800.000000 192.000000) 
4 128 129 (-352.000000 -800.000000 409.600000) (-352.000000 -800.000000 192.000000) (288.000000 -800.000000 192.000000) (288.000000 -800.000000 409.600000) 
4 129 145 (-352.000000 -832.000000 409.600000) (-352.000000 -800.000000 409.600000) (-352.000000 -800.000000 192.000000) (-352.000000 -832.000000 192.000000) 
4 129 133 (288.000000 -832.000000 192.000000) (288.000000 -832.000000 409.600000) (-352.000000 -832.000000 409.600000) (-352.000000 -832.000000 192.000000) 
4 130 133 (288.000000 -832.000000 -473.600000) (288.000000 -832.000000 -32.000000) (224.000000 -832.000000 -32.000000) (224.000000 -832.000000 -473.600000) 
4 130 131 (224.000000 -768.000000 -32.000000) (224.000000 -352.000000 -32.000000) (224.000000 -352.000000 -256.000000) (224.000000 -768.000000 -256.000000) 
4 130 132 (224.000000 -832.000000 -473.600000) (224.000000 -832.000000 -288.000000) (224.000000 -288.000000 -288.000000) (224.000000 -288.000000 -473.600000) 
4 131 148 (-352.000000 -768.000000 -32.000000) (-352.000000 -352.000000 -32.000000) (-352.000000 -352.000000 -256.000000) (-352.000000 -768.000000 -256.000000) 
4 132 149 (-352.000000 -288.000000 -288.000000) (-352.000000 -288.000000 -473.600000) (-352.000000 -832.000000 -473.600000) (-352.000000 -832.000000 -288.000000) 
4 132 133 (-352.000000 -832.000000 -288.000000) (-352.000000 -832.000000 -473.600000) (224.000000 -832.000000 -473.600000) (224.000000 -832.000000 -288.000000) 
4 133 150 (-352.000000 -1120.000000 409.600000) (-352.000000 -832.000000 409.600000) (-352.000000 -832.000000 -473.600000) (-352.000000 -1120.000000 -473.600000) 
4 134 151 (-352.000000 -1152.000000 -473.600000) (-352.000000 -1152.000000 409.600000) (-352.000000 -1120.000000 409.600000) (-352.000000 -1120.000000 -473.600000) 
4 134 135 (-352.000000 -1152.000000 -473.600000) (-352.000000 -1120.000000 -473.600000) (288.000000 -1120.000000 -473.600000) (288.000000 -1152.000000 -473.600000) 
4 135 152 (-352.000000 -1152.000000 -512.000000) (-352.000000 -1152.000000 -473.600000) (-352.000000 -288.000000 -473.600000) (-352.000000 -288.000000 -512.000000) 
4 136 153 (-2048.000000 -288.000000 448.000000) (-2816.000000 -288.000000 448.000000) (-2816.000000 -288.000000 409.600000) (-2048.000000 -288.000000 409.600000) 
4 136 144 (-352.000000 -288.000000 409.600000) (-352.000000 -288.000000 448.000000) (-2048.000000 -288.000000 448.000000) (-2048.000000 -288.000000 409.600000) 
4 136 137 (-2749.830000 576.000000 409.600000) (-352.000000 576.000000 409.600000) (-352.000000 544.000000 409.600000) (-2749.830000 544.000000 409.600000) 
4 136 142 (-2816.000000 -288.000000 409.600000) (-2816.000000 576.000000 409.600000) (-2749.830000 576.000000 409.600000) (-2749.830000 -288.000000 409.600000) 
4 137 142 (-2749.830000 544.000000 409.600000) (-2749.830000 576.000000 409.600000) (-2749.830000 576.000000 -473.600000) (-2749.830000 544.000000 -473.600000) 
4 137 143 (-2749.830000 576.000000 -473.600000) (-352.000000 576.000000 -473.600000) (-352.000000 544.000000 -473.600000) (-2749.830000 544.000000 -473.600000) 
4 138 139 (-352.000000 320.000000 192.000000) (-352.000000 320.000000 409.600000) (-384.000000 320.000000 409.600000) (-384.000000 320.000000 192.000000) 
4 138 140 (-384.000000 320.000000 -473.600000) (-352.000000 320.000000 -473.600000) (-352.000000 320.000000 -32.000000) (-384.000000 320.000000 -32.000000) 
4 138 141 (-2749.830000 320.000000 409.600000) (-2749.830000 320.000000 -473.600000) (-384.000000 320.000000 -473.600000) (-384.000000 320.000000 409.600000) 
4 139 145 (-352.000000 -288.000000 192.000000) (-352.000000 -288.000000 409.600000) (-384.000000 -288.000000 409.600000) (-384.000000 -288.000000 192.000000) 
4 139 141 (-384.000000 -288.000000 192.000000) (-384.000000 -288.000000 409.600000) (-384.000000 320.000000 409.600000) (-384.000000 320.000000 192.000000) 
4 140 149 (-352.000000 -288.000000 -473.600000) (-352.000000 -288.000000 -288.000000) (-384.000000 -288.000000 -288.000000) (-384.000000 -288.000000 -473.600000) 
4 140 141 (-384.000000 320.000000 -473.600000) (-384.000000 -288.000000 -473.600000) (-384.000000 -288.000000 -32.000000) (-384.000000 320.000000 -32.000000) 
4 141 156 (-2368.000000 -288.000000 -288.000000) (-2368.000000 -288.000000 -473.600000) (-2048.000000 -288.000000 -473.600000) (-2048.000000 -288.000000 -288.000000) 
4 141 154 (-2048.000000 -288.000000 409.600000) (-2368.000000 -288.000000 409.600000) (-2368.000000 -288.000000 -32.000000) (-2048.000000 -288.000000 -32.000000) 
4 141 157 (-2368.000000 -288.000000 409.600000) (-2749.830000 -288.000000 409.600000) (-2749.830000 -288.000000 -473.600000) (-2368.000000 -288.000000 -473.600000) 
4 141 149 (-2048.000000 -288.000000 -288.000000) (-2048.000000 -288.000000 -473.600000) (-384.000000 -288.000000 -473.600000) (-384.000000 -288.000000 -288.000000) 
4 141 147 (-2048.000000 -288.000000 192.000000) (-2048.000000 -288.000000 -0.000000) (-384.000000 -288.000000 -0.000000) (-384.000000 -288.000000 192.000000) 
4 141 145 (-384.000000 -288.000000 409.600000) (-2048.000000 -288.000000 409.600000) (-2048.000000 -288.000000 192.000000) (-384.000000 -288.000000 192.000000) 
4 142 161 (-2749.830000 -288.000000 409.600000) (-2816.000000 -288.000000 409.600000) (-2816.000000 -288.000000 -473.600000) (-2749.830000 -288.000000 -473.600000) 
4 142 143 (-2816.000000 -288.000000 -473.600000) (-2816.000000 576.000000 -473.600000) (-2749.830000 576.000000 -473.600000) (-2749.830000 -288.000000 -473.600000) 
4 143 160 (-2048.000000 -288.000000 -473.600000) (-2749.830000 -288.000000 -473.600000) (-2749.830000 -288.000000 -512.000000) (-2048.000000 -288.000000 -512.000000) 
4 143 161 (-2749.830000 -288.000000 -473.600000) (-2816.000000 -288.000000 -473.600000) (-2816.000000 -288.000000 -512.000000) (-2749.830000 -288.000000 -512.000000) 
4 143 152 (-352.000000 -288.000000 -512.000000) (-352.000000 -288.000000 -473.600000) (-2048.000000 -288.000000 -473.600000) (-2048.000000 -288.000000 -512.000000) 
4 144 153 (-2048.000000 -288.000000 448.000000) (-2048.000000 -288.000000 409.600000) (-2048.000000 -1152.000000 409.600000) (-2048.000000 -1152.000000 448.000000) 
4 144 151 (-2048.000000 -1152.000000 409.600000) (-2048.000000 -1120.000000 409.600000) (-352.000000 -1120.000000 409.600000) (-352.000000 -1152.000000 409.600000) 
4 145 154 (-2048.000000 -288.000000 409.600000) (-2048.000000 -288.000000 192.000000) (-2048.000000 -832.000000 192.000000) (-2048.000000 -832.000000 409.600000) 
4 145 150 (-352.000000 -832.000000 192.000000) (-352.000000 -832.000000 409.600000) (-2048.000000 -832.000000 409.600000) (-2048.000000 -832.000000 192.000000) 
4 145 146 (-384.000000 -640.000000 192.000000) (-384.000000 -512.000000 192.000000) (-352.000000 -512.000000 192.000000) (-352.000000 -640.000000 192.000000) 
4 145 147 (-384.000000 -832.000000 192.000000) (-2048.000000 -832.000000 192.000000) (-2048.000000 -288.000000 192.000000) (-384.000000 -288.000000 192.000000) 
4 146 147 (-384.000000 -512.000000 0.000000) (-384.000000 -640.000000 0.000000) (-384.000000 -640.000000 192.000000) (-384.000000 -512.000000 192.000000) 
4 147 154 (-2048.000000 -288.000000 192.000000) (-2048.000000 -288.000000 -0.000000) (-2048.000000 -832.000000 -0.000000) (-2048.000000 -832.000000 192.000000) 
4 147 150 (-384.000000 -832.000000 192.000000) (-2048.000000 -832.000000 192.000000) (-2048.000000 -832.000000 -0.000000) (-384.000000 -832.000000 0.000000) 
4 148 155 (-2048.000000 -768.000000 -32.000000) (-2048.000000 -352.000000 -32.000000) (-2048.000000 -352.000000 -256.000000) (-2048.000000 -768.000000 -256.000000) 
4 149 156 (-2048.000000 -288.000000 -288.000000) (-2048.000000 -288.000000 -473.600000) (-2048.000000 -832.000000 -473.600000) (-2048.000000 -832.000000 -288.000000) 
4 149 150 (-352.000000 -832.000000 -473.600000) (-352.000000 -832.000000 -288.000000) (-2048.000000 -832.000000 -288.000000) (-2048.000000 -832.000000 -473.600000) 
4 150 158 (-2048.000000 -832.000000 -473.600000) (-2048.000000 -1120.000000 -473.600000) (-2048.000000 -1120.000000 409.600000) (-2048.000000 -832.000000 409.600000) 
4 151 159 (-2048.000000 -1120.000000 -473.600000) (-2048.000000 -1152.000000 -473.600000) (-2048.000000 -1152.000000 409.600000) (-2048.000000 -1120.000000 409.600000) 
4 151 152 (-2048.000000 -1152.000000 -473.600000) (-2048.000000 -1120.000000 -473.600000) (-352.000000 -1120.000000 -473.600000) (-352.000000 -1152.000000 -473.600000) 
4 152 160 (-2048.000000 -288.000000 -473.600000) (-2048.000000 -288.000000 -512.000000) (-2048.000000 -1152.000000 -512.000000) (-2048.000000 -1152.000000 -473.600000) 
4 153 159 (-2048.000000 -1120.000000 409.600000) (-2048.000000 -1152.000000 409.600000) (-2749.830000 -1152.000000 409.600000) (-2749.830000 -1120.000000 409.600000) 
4 153 161 (-2816.000000 -1152.000000 409.600000) (-2816.000000 -288.000000 409.600000) (-2749.830000 -288.000000 409.600000) (-2749.830000 -1152.000000 409.600000) 
4 154 158 (-2048.000000 -832.000000 -32.000000) (-2048.000000 -832.000000 409.600000) (-2368.000000 -832.000000 409.600000) (-2368.000000 -832.000000 -32.000000) 
4 154 155 (-2368.000000 -768.000000 -32.000000) (-2368.000000 -352.000000 -32.000000) (-2048.000000 -352.000000 -32.000000) (-2048.000000 -768.000000 -32.000000) 
4 154 157 (-2368.000000 -288.000000 409.600000) (-2368.000000 -288.000000 -32.000000) (-2368.000000 -832.000000 -32.000000) (-2368.000000 -832.000000 409.600000) 
4 155 157 (-2368.000000 -768.000000 -32.000000) (-2368.000000 -352.000000 -32.000000) (-2368.000000 -352.000000 -256.000000) (-2368.000000 -768.000000 -256.000000) 
4 156 158 (-2368.000000 -832.000000 -473.600000) (-2048.000000 -832.000000 -473.600000) (-2048.000000 -832.000000 -288.000000) (-2368.000000 -832.000000 -288.000000) 
4 156 157 (-2368.000000 -288.000000 -288.000000) (-2368.000000 -288.000000 -473.600000) (-2368.000000 -832.000000 -473.600000) (-2368.000000 -832.000000 -288.000000) 
4 157 158 (-2749.830000 -832.000000 409.600000) (-2749.830000 -832.000000 -473.600000) (-2368.000000 -832.000000 -473.600000) (-2368.000000 -832.000000 409.600000) 
4 159 161 (-2749.830000 -1152.000000 -473.600000) (-2749.830000 -1152.000000 409.600000) (-2749.830000 -1120.000000 409.600000) (-2749.830000 -1120.000000 -473.600000) 
4 159 160 (-2048.000000 -1120.000000 -473.600000) (-2048.000000 -1152.000000 -473.600000) (-2749.830000 -1152.000000 -473.600000) (-2749.830000 -1120.000000 -473.600000) 
4 160 161 (-2749.830000 -288.000000 -512.000000) (-2749.830000 -1152.000000 -512.000000) (-2749.830000 -1152.000000 -473.600000) (-2749.830000 -288.000000 -473.600000) 
